{"level":"info","message":"API Gateway is runnig on port 3000","service":"identity-service","timestamp":"2025-10-06T11:12:40.078Z"}
{"level":"info","message":"Identity service is running on port http://localhost:3001","service":"identity-service","timestamp":"2025-10-06T11:12:40.084Z"}
{"level":"info","message":"Redis url is running on port redis://localhost:6379","service":"identity-service","timestamp":"2025-10-06T11:12:40.085Z"}
{"level":"info","message":"Received POST request to /v1/auth/register","service":"identity-service","timestamp":"2025-10-06T11:14:05.229Z"}
{"level":"info","message":"Request body: {\"username\":\"Jeremy Doku\",\"email\":\"Doku@123.com\",\"password\":\"12345678\"}","service":"identity-service","timestamp":"2025-10-06T11:14:05.230Z"}
{"level":"error","message":"Proxy error: ","service":"identity-service","timestamp":"2025-10-06T11:14:05.257Z"}
{"level":"info","message":"Received POST request to /v1/auth/register","service":"identity-service","timestamp":"2025-10-06T11:14:30.059Z"}
{"level":"info","message":"Request body: {\"username\":\"Jeremy Doku\",\"email\":\"doku@123.com\",\"password\":\"12345678\"}","service":"identity-service","timestamp":"2025-10-06T11:14:30.060Z"}
{"level":"error","message":"Proxy error: ","service":"identity-service","timestamp":"2025-10-06T11:14:30.065Z"}
{"level":"info","message":"API Gateway is runnig on port 3000","service":"identity-service","timestamp":"2025-10-06T11:17:04.918Z"}
{"level":"info","message":"Identity service is running on port http://localhost:3001","service":"identity-service","timestamp":"2025-10-06T11:17:04.926Z"}
{"level":"info","message":"Redis url is running on port redis://localhost:6379","service":"identity-service","timestamp":"2025-10-06T11:17:04.926Z"}
{"level":"info","message":"Received POST request to /v1/auth/register","service":"identity-service","timestamp":"2025-10-06T11:17:20.173Z"}
{"level":"info","message":"Request body: {\"username\":\"Jeremy Doku\",\"email\":\"doku@123.com\",\"password\":\"12345678\"}","service":"identity-service","timestamp":"2025-10-06T11:17:20.174Z"}
{"level":"error","message":"Proxy error: ","service":"identity-service","timestamp":"2025-10-06T11:17:20.188Z"}
{"level":"info","message":"API Gateway is runnig on port 3000","service":"identity-service","timestamp":"2025-10-06T11:19:44.644Z"}
{"level":"info","message":"Identity service is running on port http://localhost:3001","service":"identity-service","timestamp":"2025-10-06T11:19:44.651Z"}
{"level":"info","message":"Redis url is running on port redis://localhost:6379","service":"identity-service","timestamp":"2025-10-06T11:19:44.652Z"}
{"level":"info","message":"Received POST request to /v1/auth/register","service":"identity-service","timestamp":"2025-10-06T11:21:05.361Z"}
{"level":"info","message":"Request body: {\"username\":\"Jeremy Doku\",\"email\":\"doku@123.com\",\"password\":\"12345678\"}","service":"identity-service","timestamp":"2025-10-06T11:21:05.362Z"}
{"level":"error","message":"Proxy error: ","service":"identity-service","timestamp":"2025-10-06T11:21:05.376Z"}
{"level":"info","message":"API Gateway is runnig on port 3000","service":"identity-service","timestamp":"2025-10-06T11:24:19.033Z"}
{"level":"info","message":"Identity service is running on port http://localhost:3001","service":"identity-service","timestamp":"2025-10-06T11:24:19.040Z"}
{"level":"info","message":"Redis url is running on port redis://localhost:6379","service":"identity-service","timestamp":"2025-10-06T11:24:19.041Z"}
{"level":"info","message":"Received POST request to /v1/auth/register","service":"identity-service","timestamp":"2025-10-06T11:24:23.545Z"}
{"level":"info","message":"Request body: {\"username\":\"Jeremy Doku\",\"email\":\"doku@123.com\",\"password\":\"12345678\"}","service":"identity-service","timestamp":"2025-10-06T11:24:23.546Z"}
{"level":"error","message":"Proxy error: ","service":"identity-service","timestamp":"2025-10-06T11:24:23.563Z"}
{"level":"info","message":"API Gateway is runnig on port 3000","service":"identity-service","timestamp":"2025-10-06T11:26:31.201Z"}
{"level":"info","message":"Identity service is running on port http://localhost:3001","service":"identity-service","timestamp":"2025-10-06T11:26:31.208Z"}
{"level":"info","message":"Redis url is running on port redis://localhost:6379","service":"identity-service","timestamp":"2025-10-06T11:26:31.210Z"}
{"level":"info","message":"API Gateway is runnig on port 3000","service":"identity-service","timestamp":"2025-10-06T11:27:35.199Z"}
{"level":"info","message":"Identity service is running on port http://localhost:3001","service":"identity-service","timestamp":"2025-10-06T11:27:35.206Z"}
{"level":"info","message":"Redis url is running on port redis://localhost:6379","service":"identity-service","timestamp":"2025-10-06T11:27:35.207Z"}
{"level":"info","message":"Received POST request to /v1/auth/register","service":"identity-service","timestamp":"2025-10-06T11:27:40.059Z"}
{"level":"info","message":"Request body: {\"username\":\"Jeremy Doku\",\"email\":\"doku@123.com\",\"password\":\"12345678\"}","service":"identity-service","timestamp":"2025-10-06T11:27:40.060Z"}
{"level":"info","message":"Response received from Identity service: undefined","service":"identity-service","timestamp":"2025-10-06T11:27:40.609Z"}
{"level":"info","message":"Received POST request to /v1/auth/register","service":"identity-service","timestamp":"2025-10-06T11:31:39.978Z"}
{"level":"info","message":"Request body: {\"username\":\"Jeremy Doku\",\"email\":\"doku@123.com\",\"password\":\"12345678\"}","service":"identity-service","timestamp":"2025-10-06T11:31:39.979Z"}
{"level":"info","message":"Response received from Identity service: undefined","service":"identity-service","timestamp":"2025-10-06T11:31:40.134Z"}
{"level":"info","message":"Received POST request to /v1/auth/register","service":"identity-service","timestamp":"2025-10-06T11:32:04.541Z"}
{"level":"info","message":"Request body: {\"username\":\"Erling Haaland\",\"email\":\"erling@123.com\",\"password\":\"12345678\"}","service":"identity-service","timestamp":"2025-10-06T11:32:04.542Z"}
{"level":"info","message":"Response received from Identity service: undefined","service":"identity-service","timestamp":"2025-10-06T11:32:05.100Z"}
{"level":"info","message":"API Gateway is runnig on port 3000","service":"identity-service","timestamp":"2025-10-07T05:53:52.849Z"}
{"level":"info","message":"Identity service is running on port http://localhost:3001","service":"identity-service","timestamp":"2025-10-07T05:53:52.856Z"}
{"level":"info","message":"Redis url is running on port redis://localhost:6379","service":"identity-service","timestamp":"2025-10-07T05:53:52.857Z"}
{"level":"info","message":"Received POST request to /v1/auth/login","service":"identity-service","timestamp":"2025-10-07T05:55:02.970Z"}
{"level":"info","message":"Request body: {\"email\":\"erling@123.com\",\"password\":\"12345678\"}","service":"identity-service","timestamp":"2025-10-07T05:55:02.972Z"}
{"level":"info","message":"Response received from Identity service: undefined","service":"identity-service","timestamp":"2025-10-07T05:55:03.084Z"}
{"level":"info","message":"Received POST request to /v1/auth/login","service":"identity-service","timestamp":"2025-10-07T05:57:07.910Z"}
{"level":"info","message":"Request body: {\"email\":\"erling@123.com\",\"password\":\"12345678\"}","service":"identity-service","timestamp":"2025-10-07T05:57:07.912Z"}
{"level":"info","message":"Response received from Identity service: undefined","service":"identity-service","timestamp":"2025-10-07T05:57:07.968Z"}
{"level":"info","message":"Received POST request to /v1/auth/login","service":"identity-service","timestamp":"2025-10-07T05:57:36.494Z"}
{"level":"info","message":"Request body: {\"email\":\"erling@123.com\",\"password\":\"12345678\"}","service":"identity-service","timestamp":"2025-10-07T05:57:36.496Z"}
{"level":"info","message":"Response received from Identity service: undefined","service":"identity-service","timestamp":"2025-10-07T05:57:36.517Z"}
{"level":"info","message":"Received POST request to /v1/auth/login","service":"identity-service","timestamp":"2025-10-07T06:03:43.557Z"}
{"level":"info","message":"Request body: {\"email\":\"erling@123.com\",\"password\":\"12345678\"}","service":"identity-service","timestamp":"2025-10-07T06:03:43.558Z"}
{"level":"info","message":"Response received from Identity service: undefined","service":"identity-service","timestamp":"2025-10-07T06:03:43.646Z"}
{"level":"info","message":"Received POST request to /v1/auth/login","service":"identity-service","timestamp":"2025-10-07T06:05:46.057Z"}
{"level":"info","message":"Request body: {\"email\":\"erling@123.com\",\"password\":\"12345678\"}","service":"identity-service","timestamp":"2025-10-07T06:05:46.058Z"}
{"level":"info","message":"Response received from Identity service: undefined","service":"identity-service","timestamp":"2025-10-07T06:05:46.536Z"}
{"level":"info","message":"API Gateway is runnig on port 3000","service":"identity-service","timestamp":"2025-10-08T08:24:26.203Z"}
{"level":"info","message":"Identity service is running on port http://localhost:3001","service":"identity-service","timestamp":"2025-10-08T08:24:26.209Z"}
{"level":"info","message":"Post service is running on port http://localhost:3002","service":"identity-service","timestamp":"2025-10-08T08:24:26.210Z"}
{"level":"info","message":"Redis url is running on port redis://localhost:6379","service":"identity-service","timestamp":"2025-10-08T08:24:26.211Z"}
{"level":"info","message":"Received POST request to /v1/posts/create-post","service":"identity-service","timestamp":"2025-10-08T08:27:46.854Z"}
{"level":"info","message":"Request body: undefined","service":"identity-service","timestamp":"2025-10-08T08:27:46.856Z"}
{"level":"warn","message":"Access attempt without valid token!","service":"identity-service","timestamp":"2025-10-08T08:27:46.857Z"}
{"level":"info","message":"Received POST request to /v1/posts/create-post","service":"identity-service","timestamp":"2025-10-08T08:28:59.029Z"}
{"level":"info","message":"Request body: undefined","service":"identity-service","timestamp":"2025-10-08T08:28:59.031Z"}
{"level":"warn","message":"Invalid token!","service":"identity-service","timestamp":"2025-10-08T08:28:59.048Z"}
{"level":"info","message":"Received POST request to /v1/auth/login","service":"identity-service","timestamp":"2025-10-08T08:29:16.756Z"}
{"level":"info","message":"Request body: {\"email\":\"erling@123.com\",\"password\":\"12345678\"}","service":"identity-service","timestamp":"2025-10-08T08:29:16.757Z"}
{"level":"error","message":"AggregateError\n    at internalConnectMultiple (node:net:1114:18)\n    at afterConnectMultiple (node:net:1667:5)","service":"identity-service","timestamp":"2025-10-08T08:29:16.772Z"}
{"level":"info","message":"Received POST request to /v1/auth/login","service":"identity-service","timestamp":"2025-10-08T08:29:46.116Z"}
{"level":"info","message":"Request body: {\"email\":\"erling@123.com\",\"password\":\"12345678\"}","service":"identity-service","timestamp":"2025-10-08T08:29:46.116Z"}
{"level":"info","message":"Response received from Identity service: 200","service":"identity-service","timestamp":"2025-10-08T08:29:49.833Z"}
{"level":"info","message":"Received POST request to /v1/posts/create-post","service":"identity-service","timestamp":"2025-10-08T08:39:11.229Z"}
{"level":"info","message":"Request body: undefined","service":"identity-service","timestamp":"2025-10-08T08:39:11.229Z"}
{"level":"warn","message":"Invalid token!","service":"identity-service","timestamp":"2025-10-08T08:39:11.231Z"}
{"level":"info","message":"Received POST request to /v1/posts/create-post","service":"identity-service","timestamp":"2025-10-08T08:39:18.628Z"}
{"level":"info","message":"Request body: undefined","service":"identity-service","timestamp":"2025-10-08T08:39:18.630Z"}
{"level":"warn","message":"Invalid token!","service":"identity-service","timestamp":"2025-10-08T08:39:18.631Z"}
{"level":"info","message":"Received POST request to /v1/posts/create-post","service":"identity-service","timestamp":"2025-10-08T08:39:50.797Z"}
{"level":"info","message":"Request body: undefined","service":"identity-service","timestamp":"2025-10-08T08:39:50.797Z"}
{"level":"info","message":"Response received from post service: 500","service":"identity-service","timestamp":"2025-10-08T08:39:51.017Z"}
{"level":"info","message":"Received POST request to /v1/posts/create-post","service":"identity-service","timestamp":"2025-10-08T08:40:00.507Z"}
{"level":"info","message":"Request body: undefined","service":"identity-service","timestamp":"2025-10-08T08:40:00.508Z"}
{"level":"info","message":"Response received from post service: 500","service":"identity-service","timestamp":"2025-10-08T08:40:00.526Z"}
{"level":"info","message":"API Gateway is runnig on port 3000","service":"identity-service","timestamp":"2025-10-08T08:47:30.447Z"}
{"level":"info","message":"Identity service is running on port http://localhost:3001","service":"identity-service","timestamp":"2025-10-08T08:47:30.452Z"}
{"level":"info","message":"Post service is running on port http://localhost:3002","service":"identity-service","timestamp":"2025-10-08T08:47:30.453Z"}
{"level":"info","message":"Redis url is running on port redis://localhost:6379","service":"identity-service","timestamp":"2025-10-08T08:47:30.454Z"}
{"level":"info","message":"Received POST request to /v1/auth/login","service":"identity-service","timestamp":"2025-10-08T08:47:54.547Z"}
{"level":"info","message":"Request body: {\"email\":\"erling@123.com\",\"password\":\"12345678\"}","service":"identity-service","timestamp":"2025-10-08T08:47:54.548Z"}
{"level":"info","message":"Response received from Identity service: 200","service":"identity-service","timestamp":"2025-10-08T08:47:55.004Z"}
{"level":"info","message":"Received POST request to /v1/posts/create-post","service":"identity-service","timestamp":"2025-10-08T08:48:09.210Z"}
{"level":"info","message":"Request body: undefined","service":"identity-service","timestamp":"2025-10-08T08:48:09.211Z"}
{"level":"info","message":"Response received from post service: 500","service":"identity-service","timestamp":"2025-10-08T08:48:09.300Z"}
{"level":"info","message":"Received POST request to /v1/posts/create-post","service":"identity-service","timestamp":"2025-10-08T08:48:45.132Z"}
{"level":"info","message":"Request body: undefined","service":"identity-service","timestamp":"2025-10-08T08:48:45.133Z"}
{"level":"info","message":"Response received from post service: 500","service":"identity-service","timestamp":"2025-10-08T08:48:45.147Z"}
{"level":"info","message":"Received POST request to /v1/posts/create-post","service":"identity-service","timestamp":"2025-10-08T08:51:46.903Z"}
{"level":"info","message":"Request body: undefined","service":"identity-service","timestamp":"2025-10-08T08:51:46.905Z"}
{"level":"info","message":"Response received from post service: 400","service":"identity-service","timestamp":"2025-10-08T08:51:46.976Z"}
{"level":"info","message":"Received POST request to /v1/posts/create-post","service":"identity-service","timestamp":"2025-10-08T08:52:33.140Z"}
{"level":"info","message":"Request body: {\"content\":\"My first Post\"}","service":"identity-service","timestamp":"2025-10-08T08:52:33.141Z"}
{"level":"info","message":"Response received from post service: 201","service":"identity-service","timestamp":"2025-10-08T08:52:33.334Z"}
{"level":"info","message":"API Gateway is runnig on port 3000","service":"identity-service","timestamp":"2025-10-08T11:39:03.647Z"}
{"level":"info","message":"Identity service is running on port http://localhost:3001","service":"identity-service","timestamp":"2025-10-08T11:39:03.654Z"}
{"level":"info","message":"Post service is running on port http://localhost:3002","service":"identity-service","timestamp":"2025-10-08T11:39:03.654Z"}
{"level":"info","message":"Redis url is running on port redis://localhost:6379","service":"identity-service","timestamp":"2025-10-08T11:39:03.655Z"}
{"level":"info","message":"Received POST request to /v1/auth/login","service":"identity-service","timestamp":"2025-10-08T11:40:15.170Z"}
{"level":"info","message":"Request body: {\"email\":\"erling@123.com\",\"password\":\"12345678\"}","service":"identity-service","timestamp":"2025-10-08T11:40:15.171Z"}
{"level":"info","message":"Response received from Identity service: 200","service":"identity-service","timestamp":"2025-10-08T11:40:19.109Z"}
{"level":"info","message":"Received POST request to /v1/posts/create-post","service":"identity-service","timestamp":"2025-10-08T11:40:49.937Z"}
{"level":"info","message":"Request body: {\"content\":\"My second Post\"}","service":"identity-service","timestamp":"2025-10-08T11:40:49.938Z"}
{"level":"info","message":"Response received from post service: 201","service":"identity-service","timestamp":"2025-10-08T11:40:52.489Z"}
{"level":"info","message":"Received GET request to /v1/posts/All-posts","service":"identity-service","timestamp":"2025-10-08T11:42:41.880Z"}
{"level":"info","message":"Request body: undefined","service":"identity-service","timestamp":"2025-10-08T11:42:41.881Z"}
{"level":"warn","message":"Access attempt without valid token!","service":"identity-service","timestamp":"2025-10-08T11:42:41.882Z"}
{"level":"info","message":"Received GET request to /v1/posts/All-posts","service":"identity-service","timestamp":"2025-10-08T11:42:57.786Z"}
{"level":"info","message":"Request body: undefined","service":"identity-service","timestamp":"2025-10-08T11:42:57.787Z"}
{"level":"info","message":"Response received from post service: 500","service":"identity-service","timestamp":"2025-10-08T11:42:57.944Z"}
{"level":"info","message":"Received GET request to /api/posts/All-posts","service":"identity-service","timestamp":"2025-10-08T11:46:41.148Z"}
{"level":"info","message":"Request body: undefined","service":"identity-service","timestamp":"2025-10-08T11:46:41.149Z"}
{"level":"info","message":"Received GET request to /v1/posts/All-posts","service":"identity-service","timestamp":"2025-10-08T11:46:49.792Z"}
{"level":"info","message":"Request body: undefined","service":"identity-service","timestamp":"2025-10-08T11:46:49.793Z"}
{"level":"warn","message":"Invalid token!","service":"identity-service","timestamp":"2025-10-08T11:46:49.795Z"}
{"level":"info","message":"Received POST request to /v1/auth/login","service":"identity-service","timestamp":"2025-10-08T11:47:00.648Z"}
{"level":"info","message":"Request body: {\"email\":\"erling@123.com\",\"password\":\"12345678\"}","service":"identity-service","timestamp":"2025-10-08T11:47:00.649Z"}
{"level":"info","message":"Response received from Identity service: 200","service":"identity-service","timestamp":"2025-10-08T11:47:01.061Z"}
{"level":"info","message":"Received GET request to /v1/posts/All-posts","service":"identity-service","timestamp":"2025-10-08T11:47:17.651Z"}
{"level":"info","message":"Request body: undefined","service":"identity-service","timestamp":"2025-10-08T11:47:17.652Z"}
{"level":"info","message":"Response received from post service: 500","service":"identity-service","timestamp":"2025-10-08T11:47:17.803Z"}
{"level":"info","message":"Received GET request to /v1/posts/All-posts","service":"identity-service","timestamp":"2025-10-08T11:48:42.552Z"}
{"level":"info","message":"Request body: undefined","service":"identity-service","timestamp":"2025-10-08T11:48:42.552Z"}
{"level":"info","message":"Received GET request to /v1/posts/All-posts","service":"identity-service","timestamp":"2025-10-08T11:50:13.279Z"}
{"level":"info","message":"Request body: undefined","service":"identity-service","timestamp":"2025-10-08T11:50:13.280Z"}
{"level":"info","message":"Received GET request to /v1/posts/All-posts","service":"identity-service","timestamp":"2025-10-08T11:51:19.044Z"}
{"level":"info","message":"Request body: undefined","service":"identity-service","timestamp":"2025-10-08T11:51:19.045Z"}
{"level":"info","message":"Response received from post service: 200","service":"identity-service","timestamp":"2025-10-08T11:51:19.100Z"}
{"level":"info","message":"Received GET request to /v1/posts/All-posts","service":"identity-service","timestamp":"2025-10-08T11:51:41.310Z"}
{"level":"info","message":"Request body: undefined","service":"identity-service","timestamp":"2025-10-08T11:51:41.310Z"}
{"level":"info","message":"Response received from post service: 200","service":"identity-service","timestamp":"2025-10-08T11:51:41.325Z"}
{"level":"info","message":"Received GET request to /v1/posts/All-posts","service":"identity-service","timestamp":"2025-10-08T11:51:43.334Z"}
{"level":"info","message":"Request body: undefined","service":"identity-service","timestamp":"2025-10-08T11:51:43.335Z"}
{"level":"info","message":"Response received from post service: 200","service":"identity-service","timestamp":"2025-10-08T11:51:43.350Z"}
{"level":"info","message":"Received GET request to /v1/posts/All-posts","service":"identity-service","timestamp":"2025-10-08T11:51:45.028Z"}
{"level":"info","message":"Request body: undefined","service":"identity-service","timestamp":"2025-10-08T11:51:45.029Z"}
{"level":"info","message":"Response received from post service: 200","service":"identity-service","timestamp":"2025-10-08T11:51:45.045Z"}
{"level":"info","message":"Received GET request to /v1/posts/get-post","service":"identity-service","timestamp":"2025-10-08T12:40:00.872Z"}
{"level":"info","message":"Request body: undefined","service":"identity-service","timestamp":"2025-10-08T12:40:00.874Z"}
{"level":"warn","message":"Access attempt without valid token!","service":"identity-service","timestamp":"2025-10-08T12:40:00.875Z"}
{"level":"info","message":"Received POST request to /v1/auth/login","service":"identity-service","timestamp":"2025-10-08T12:40:08.362Z"}
{"level":"info","message":"Request body: {\"email\":\"erling@123.com\",\"password\":\"12345678\"}","service":"identity-service","timestamp":"2025-10-08T12:40:08.362Z"}
{"level":"info","message":"Response received from Identity service: 200","service":"identity-service","timestamp":"2025-10-08T12:40:09.433Z"}
{"level":"info","message":"Received GET request to /v1/posts/get-post","service":"identity-service","timestamp":"2025-10-08T12:40:34.563Z"}
{"level":"info","message":"Request body: undefined","service":"identity-service","timestamp":"2025-10-08T12:40:34.563Z"}
{"level":"info","message":"Response received from post service: 404","service":"identity-service","timestamp":"2025-10-08T12:40:34.696Z"}
{"level":"info","message":"Received POST request to /v1/posts/create-post","service":"identity-service","timestamp":"2025-10-08T12:42:15.153Z"}
{"level":"info","message":"Request body: {\"content\":\"hii my name is zinedine jude \"}","service":"identity-service","timestamp":"2025-10-08T12:42:15.154Z"}
{"level":"warn","message":"Invalid token!","service":"identity-service","timestamp":"2025-10-08T12:42:15.158Z"}
{"level":"info","message":"Received POST request to /v1/posts/create-post","service":"identity-service","timestamp":"2025-10-08T12:42:25.783Z"}
{"level":"info","message":"Request body: {\"content\":\"hii my name is zinedine jude \"}","service":"identity-service","timestamp":"2025-10-08T12:42:25.784Z"}
{"level":"info","message":"Response received from post service: 201","service":"identity-service","timestamp":"2025-10-08T12:42:25.979Z"}
{"level":"info","message":"Received GET request to /v1/posts/All-posts","service":"identity-service","timestamp":"2025-10-08T12:42:46.560Z"}
{"level":"info","message":"Request body: undefined","service":"identity-service","timestamp":"2025-10-08T12:42:46.561Z"}
{"level":"warn","message":"Invalid token!","service":"identity-service","timestamp":"2025-10-08T12:42:46.577Z"}
{"level":"info","message":"Received GET request to /v1/posts/All-posts","service":"identity-service","timestamp":"2025-10-08T12:43:12.388Z"}
{"level":"info","message":"Request body: undefined","service":"identity-service","timestamp":"2025-10-08T12:43:12.388Z"}
{"level":"info","message":"Response received from post service: 200","service":"identity-service","timestamp":"2025-10-08T12:43:12.562Z"}
{"level":"info","message":"Received GET request to /v1/posts/68e65c31de9dd35567e70325","service":"identity-service","timestamp":"2025-10-08T12:43:45.972Z"}
{"level":"info","message":"Request body: undefined","service":"identity-service","timestamp":"2025-10-08T12:43:45.973Z"}
{"level":"info","message":"Received GET request to /v1/posts/68e65c31de9dd35567e70325","service":"identity-service","timestamp":"2025-10-08T12:45:13.742Z"}
{"level":"info","message":"Request body: undefined","service":"identity-service","timestamp":"2025-10-08T12:45:13.742Z"}
{"level":"info","message":"Response received from post service: 200","service":"identity-service","timestamp":"2025-10-08T12:45:14.347Z"}
{"level":"info","message":"Received GET request to /v1/posts/68e65c31de9dd35567e70325","service":"identity-service","timestamp":"2025-10-08T12:46:52.894Z"}
{"level":"info","message":"Request body: undefined","service":"identity-service","timestamp":"2025-10-08T12:46:52.894Z"}
{"level":"info","message":"Response received from post service: 200","service":"identity-service","timestamp":"2025-10-08T12:46:54.811Z"}
{"level":"info","message":"Received GET request to /v1/posts/68e65c31de9dd35567e70325","service":"identity-service","timestamp":"2025-10-08T12:47:23.134Z"}
{"level":"info","message":"Request body: undefined","service":"identity-service","timestamp":"2025-10-08T12:47:23.135Z"}
{"level":"info","message":"Response received from post service: 200","service":"identity-service","timestamp":"2025-10-08T12:47:24.120Z"}
{"level":"info","message":"Received POST request to /v1/posts/create-post","service":"identity-service","timestamp":"2025-10-08T12:53:14.906Z"}
{"level":"info","message":"Request body: {\"content\":\"hii this post is going to delete soon \"}","service":"identity-service","timestamp":"2025-10-08T12:53:14.908Z"}
{"level":"info","message":"Response received from post service: 201","service":"identity-service","timestamp":"2025-10-08T12:53:15.103Z"}
{"level":"info","message":"Received POST request to /v1/auth/login","service":"identity-service","timestamp":"2025-10-08T12:54:42.271Z"}
{"level":"info","message":"Request body: {\"email\":\"erling@123.com\",\"password\":\"12345678\"}","service":"identity-service","timestamp":"2025-10-08T12:54:42.272Z"}
{"level":"info","message":"Response received from Identity service: 200","service":"identity-service","timestamp":"2025-10-08T12:54:42.647Z"}
{"level":"info","message":"Received GET request to /v1/posts/68e65eba0d75c9559a8f0add","service":"identity-service","timestamp":"2025-10-08T12:55:04.347Z"}
{"level":"info","message":"Request body: undefined","service":"identity-service","timestamp":"2025-10-08T12:55:04.347Z"}
{"level":"info","message":"Response received from post service: 200","service":"identity-service","timestamp":"2025-10-08T12:55:04.498Z"}
{"level":"info","message":"Received DELETE request to /v1/posts/68e65eba0d75c9559a8f0add","service":"identity-service","timestamp":"2025-10-08T12:55:15.505Z"}
{"level":"info","message":"Request body: undefined","service":"identity-service","timestamp":"2025-10-08T12:55:15.506Z"}
{"level":"info","message":"Response received from post service: 200","service":"identity-service","timestamp":"2025-10-08T12:55:15.720Z"}
{"level":"info","message":"Received GET request to /v1/posts/All-posts","service":"identity-service","timestamp":"2025-10-08T12:55:21.119Z"}
{"level":"info","message":"Request body: undefined","service":"identity-service","timestamp":"2025-10-08T12:55:21.120Z"}
{"level":"warn","message":"Invalid token!","service":"identity-service","timestamp":"2025-10-08T12:55:21.121Z"}
{"level":"info","message":"Received GET request to /v1/posts/All-posts","service":"identity-service","timestamp":"2025-10-08T12:55:27.901Z"}
{"level":"info","message":"Request body: undefined","service":"identity-service","timestamp":"2025-10-08T12:55:27.902Z"}
{"level":"info","message":"Response received from post service: 200","service":"identity-service","timestamp":"2025-10-08T12:55:28.059Z"}
{"level":"info","message":"Received GET request to /v1/posts/All-posts","service":"identity-service","timestamp":"2025-10-08T12:56:12.989Z"}
{"level":"info","message":"Request body: undefined","service":"identity-service","timestamp":"2025-10-08T12:56:12.990Z"}
{"level":"info","message":"Response received from post service: 200","service":"identity-service","timestamp":"2025-10-08T12:56:13.023Z"}
{"level":"info","message":"Received GET request to /v1/posts/All-posts","service":"identity-service","timestamp":"2025-10-08T12:56:15.153Z"}
{"level":"info","message":"Request body: undefined","service":"identity-service","timestamp":"2025-10-08T12:56:15.154Z"}
{"level":"info","message":"Response received from post service: 200","service":"identity-service","timestamp":"2025-10-08T12:56:15.166Z"}
{"level":"info","message":"Received GET request to /v1/posts/All-posts","service":"identity-service","timestamp":"2025-10-08T12:56:16.848Z"}
{"level":"info","message":"Request body: undefined","service":"identity-service","timestamp":"2025-10-08T12:56:16.849Z"}
{"level":"info","message":"Response received from post service: 200","service":"identity-service","timestamp":"2025-10-08T12:56:16.863Z"}
{"level":"info","message":"API Gateway is runnig on port 3000","service":"identity-service","timestamp":"2025-10-10T07:25:48.456Z"}
{"level":"info","message":"Identity service is running on port http://localhost:3001","service":"identity-service","timestamp":"2025-10-10T07:25:48.459Z"}
{"level":"info","message":"Post service is running on port http://localhost:3002","service":"identity-service","timestamp":"2025-10-10T07:25:48.460Z"}
{"level":"info","message":"Redis url is running on port redis://localhost:6379","service":"identity-service","timestamp":"2025-10-10T07:25:48.460Z"}
{"level":"info","message":"API Gateway is running on port 3000","service":"identity-service","timestamp":"2025-10-10T11:33:01.747Z"}
{"level":"info","message":"Identity service is running on port http://localhost:3001","service":"identity-service","timestamp":"2025-10-10T11:33:01.753Z"}
{"level":"info","message":"Post service is running on port http://localhost:3002","service":"identity-service","timestamp":"2025-10-10T11:33:01.754Z"}
{"level":"info","message":"Media service is running on port http://localhost:3003","service":"identity-service","timestamp":"2025-10-10T11:33:01.754Z"}
{"level":"info","message":"Redis Url redis://localhost:6379","service":"identity-service","timestamp":"2025-10-10T11:33:01.755Z"}
{"level":"info","message":"Received POST request to /v1/auth/register","service":"identity-service","timestamp":"2025-10-10T11:41:34.477Z"}
{"level":"info","message":"Request body, [object Object]","service":"identity-service","timestamp":"2025-10-10T11:41:34.483Z"}
{"level":"info","message":"Response received from Identity service: 201","service":"identity-service","timestamp":"2025-10-10T11:41:36.416Z"}
{"level":"info","message":"Received POST request to /v1/auth/register","service":"identity-service","timestamp":"2025-10-10T11:41:54.743Z"}
{"level":"info","message":"Request body, [object Object]","service":"identity-service","timestamp":"2025-10-10T11:41:54.744Z"}
{"level":"info","message":"Response received from Identity service: 400","service":"identity-service","timestamp":"2025-10-10T11:41:55.217Z"}
{"level":"info","message":"Received POST request to /v1/auth/login","service":"identity-service","timestamp":"2025-10-10T11:42:20.263Z"}
{"level":"info","message":"Request body, undefined","service":"identity-service","timestamp":"2025-10-10T11:42:20.265Z"}
{"level":"info","message":"Response received from Identity service: 200","service":"identity-service","timestamp":"2025-10-10T11:42:23.312Z"}
{"level":"info","message":"Received POST request to /v1/posts/create-post","service":"identity-service","timestamp":"2025-10-10T11:43:27.098Z"}
{"level":"info","message":"Request body, [object Object]","service":"identity-service","timestamp":"2025-10-10T11:43:27.099Z"}
{"level":"info","message":"Response received from Post service: 201","service":"identity-service","timestamp":"2025-10-10T11:43:27.543Z"}
{"level":"info","message":"Received GET request to /v1/posts/all-posts","service":"identity-service","timestamp":"2025-10-10T11:44:11.148Z"}
{"level":"info","message":"Request body, undefined","service":"identity-service","timestamp":"2025-10-10T11:44:11.149Z"}
{"level":"info","message":"Response received from Post service: 200","service":"identity-service","timestamp":"2025-10-10T11:44:11.360Z"}
{"level":"info","message":"Received GET request to /v1/posts/68e8f15fa527fa83ea5740e2","service":"identity-service","timestamp":"2025-10-10T11:45:01.042Z"}
{"level":"info","message":"Request body, undefined","service":"identity-service","timestamp":"2025-10-10T11:45:01.043Z"}
{"level":"warn","message":"Access attempt without valid token!","service":"identity-service","timestamp":"2025-10-10T11:45:01.045Z"}
{"level":"info","message":"Received GET request to /v1/posts/68e8f15fa527fa83ea5740e2","service":"identity-service","timestamp":"2025-10-10T11:45:28.319Z"}
{"level":"info","message":"Request body, undefined","service":"identity-service","timestamp":"2025-10-10T11:45:28.320Z"}
{"level":"info","message":"Response received from Post service: 200","service":"identity-service","timestamp":"2025-10-10T11:45:28.520Z"}
{"level":"info","message":"Received DELETE request to /v1/posts/68e8f15fa527fa83ea5740e2","service":"identity-service","timestamp":"2025-10-10T11:45:53.607Z"}
{"level":"info","message":"Request body, undefined","service":"identity-service","timestamp":"2025-10-10T11:45:53.608Z"}
{"level":"info","message":"Response received from Post service: 200","service":"identity-service","timestamp":"2025-10-10T11:45:53.756Z"}
{"level":"info","message":"Received POST request to /v1/media/upload","service":"identity-service","timestamp":"2025-10-10T11:47:14.148Z"}
{"level":"info","message":"Request body, undefined","service":"identity-service","timestamp":"2025-10-10T11:47:14.149Z"}
{"level":"info","message":"Response received from media service: 400","service":"identity-service","timestamp":"2025-10-10T11:47:14.293Z"}
{"level":"info","message":"Received POST request to /v1/media/upload","service":"identity-service","timestamp":"2025-10-10T11:50:04.187Z"}
{"level":"info","message":"Request body, undefined","service":"identity-service","timestamp":"2025-10-10T11:50:04.188Z"}
{"level":"info","message":"Response received from media service: 400","service":"identity-service","timestamp":"2025-10-10T11:50:04.212Z"}
{"level":"info","message":"Received POST request to /v1/media/upload","service":"identity-service","timestamp":"2025-10-10T11:50:10.517Z"}
{"level":"info","message":"Request body, undefined","service":"identity-service","timestamp":"2025-10-10T11:50:10.518Z"}
{"level":"info","message":"Response received from media service: 400","service":"identity-service","timestamp":"2025-10-10T11:50:10.543Z"}
{"level":"info","message":"Received POST request to /v1/media/upload","service":"identity-service","timestamp":"2025-10-10T11:52:28.723Z"}
{"level":"info","message":"Request body, undefined","service":"identity-service","timestamp":"2025-10-10T11:52:28.723Z"}
{"level":"error","message":"Proxy error: socket hang up","service":"identity-service","timestamp":"2025-10-10T11:53:40.028Z"}
{"level":"info","message":"Received POST request to /v1/media/upload","service":"identity-service","timestamp":"2025-10-10T11:55:36.402Z"}
{"level":"info","message":"Request body, undefined","service":"identity-service","timestamp":"2025-10-10T11:55:36.402Z"}
{"level":"error","message":"Proxy error: socket hang up","service":"identity-service","timestamp":"2025-10-10T11:56:30.683Z"}
{"level":"info","message":"Received POST request to /v1/media/upload","service":"identity-service","timestamp":"2025-10-10T11:57:47.943Z"}
{"level":"info","message":"Request body, undefined","service":"identity-service","timestamp":"2025-10-10T11:57:47.945Z"}
{"level":"warn","message":"Invalid token!","service":"identity-service","timestamp":"2025-10-10T11:57:47.955Z"}
{"level":"info","message":"Received POST request to /v1/auth/login","service":"identity-service","timestamp":"2025-10-10T11:58:01.166Z"}
{"level":"info","message":"Request body, undefined","service":"identity-service","timestamp":"2025-10-10T11:58:01.167Z"}
{"level":"info","message":"Response received from Identity service: 200","service":"identity-service","timestamp":"2025-10-10T11:58:01.625Z"}
{"level":"info","message":"Received POST request to /v1/media/upload","service":"identity-service","timestamp":"2025-10-10T11:58:44.194Z"}
{"level":"info","message":"Request body, undefined","service":"identity-service","timestamp":"2025-10-10T11:58:44.195Z"}
{"level":"info","message":"Response received from media service: 201","service":"identity-service","timestamp":"2025-10-10T11:58:48.751Z"}
{"level":"info","message":"Received GET request to /v1/posts/all-posts","service":"identity-service","timestamp":"2025-10-10T11:59:11.229Z"}
{"level":"info","message":"Request body, undefined","service":"identity-service","timestamp":"2025-10-10T11:59:11.230Z"}
{"level":"info","message":"Response received from Post service: 200","service":"identity-service","timestamp":"2025-10-10T11:59:11.642Z"}
{"level":"info","message":"Received GET request to /v1/posts/68e8f4f84fea727ef6335bfe","service":"identity-service","timestamp":"2025-10-10T12:00:39.003Z"}
{"level":"info","message":"Request body, undefined","service":"identity-service","timestamp":"2025-10-10T12:00:39.004Z"}
{"level":"info","message":"Response received from Post service: 404","service":"identity-service","timestamp":"2025-10-10T12:00:40.682Z"}
{"level":"info","message":"Received GET request to /v1/posts/b9qptbhrebqbtsur6v2w","service":"identity-service","timestamp":"2025-10-10T12:01:05.682Z"}
{"level":"info","message":"Request body, undefined","service":"identity-service","timestamp":"2025-10-10T12:01:05.683Z"}
{"level":"info","message":"Response received from Post service: 500","service":"identity-service","timestamp":"2025-10-10T12:01:05.835Z"}
{"level":"info","message":"Received POST request to /v1/posts/create-post","service":"identity-service","timestamp":"2025-10-10T12:04:12.447Z"}
{"level":"info","message":"Request body, [object Object]","service":"identity-service","timestamp":"2025-10-10T12:04:12.448Z"}
{"level":"info","message":"Response received from Post service: 400","service":"identity-service","timestamp":"2025-10-10T12:04:12.477Z"}
{"level":"info","message":"Received POST request to /v1/posts/create-post","service":"identity-service","timestamp":"2025-10-10T12:07:16.695Z"}
{"level":"info","message":"Request body, [object Object]","service":"identity-service","timestamp":"2025-10-10T12:07:16.696Z"}
{"level":"info","message":"Response received from Post service: 400","service":"identity-service","timestamp":"2025-10-10T12:07:16.716Z"}
{"level":"info","message":"Received POST request to /v1/posts/create-post","service":"identity-service","timestamp":"2025-10-10T12:11:28.236Z"}
{"level":"info","message":"Request body, [object Object]","service":"identity-service","timestamp":"2025-10-10T12:11:28.238Z"}
{"level":"info","message":"Response received from Post service: 400","service":"identity-service","timestamp":"2025-10-10T12:11:28.268Z"}
{"level":"info","message":"API Gateway is running on port 3000","service":"identity-service","timestamp":"2025-10-11T05:24:22.862Z"}
{"level":"info","message":"Identity service is running on port http://localhost:3001","service":"identity-service","timestamp":"2025-10-11T05:24:22.866Z"}
{"level":"info","message":"Post service is running on port http://localhost:3002","service":"identity-service","timestamp":"2025-10-11T05:24:22.867Z"}
{"level":"info","message":"Media service is running on port http://localhost:3003","service":"identity-service","timestamp":"2025-10-11T05:24:22.867Z"}
{"level":"info","message":"Redis Url redis://localhost:6379","service":"identity-service","timestamp":"2025-10-11T05:24:22.868Z"}
{"level":"info","message":"Received POST request to /v1/auth/login","service":"identity-service","timestamp":"2025-10-11T05:26:02.829Z"}
{"level":"info","message":"Request body, undefined","service":"identity-service","timestamp":"2025-10-11T05:26:02.830Z"}
{"level":"info","message":"Response received from Identity service: 200","service":"identity-service","timestamp":"2025-10-11T05:26:03.678Z"}
{"level":"info","message":"Received POST request to /v1/posts/create-post","service":"identity-service","timestamp":"2025-10-11T05:26:22.707Z"}
{"level":"info","message":"Request body, [object Object]","service":"identity-service","timestamp":"2025-10-11T05:26:22.708Z"}
{"level":"info","message":"Response received from Post service: 201","service":"identity-service","timestamp":"2025-10-11T05:26:23.332Z"}
{"level":"info","message":"Received GET request to /v1/posts/all-posts","service":"identity-service","timestamp":"2025-10-11T05:26:36.095Z"}
{"level":"info","message":"Request body, undefined","service":"identity-service","timestamp":"2025-10-11T05:26:36.096Z"}
{"level":"info","message":"Response received from Post service: 200","service":"identity-service","timestamp":"2025-10-11T05:26:36.263Z"}
{"level":"info","message":"API Gateway is running on port 3000","service":"identity-service","timestamp":"2025-10-11T11:26:39.594Z"}
{"level":"info","message":"Identity service is running on port http://localhost:3001","service":"identity-service","timestamp":"2025-10-11T11:26:39.601Z"}
{"level":"info","message":"Post service is running on port http://localhost:3002","service":"identity-service","timestamp":"2025-10-11T11:26:39.601Z"}
{"level":"info","message":"Media service is running on port http://localhost:3003","service":"identity-service","timestamp":"2025-10-11T11:26:39.602Z"}
{"level":"info","message":"Redis Url redis://localhost:6379","service":"identity-service","timestamp":"2025-10-11T11:26:39.603Z"}
{"level":"info","message":"Received POST request to /v1/auth/login","service":"identity-service","timestamp":"2025-10-11T11:48:52.758Z"}
{"level":"info","message":"Request body, undefined","service":"identity-service","timestamp":"2025-10-11T11:48:52.764Z"}
{"level":"info","message":"Response received from Identity service: 200","service":"identity-service","timestamp":"2025-10-11T11:48:53.631Z"}
{"level":"info","message":"Received GET request to /v1/media/get","service":"identity-service","timestamp":"2025-10-11T11:49:50.611Z"}
{"level":"info","message":"Request body, undefined","service":"identity-service","timestamp":"2025-10-11T11:49:50.614Z"}
{"level":"error","message":"Proxy error: Cannot read properties of undefined (reading 'startsWith')","service":"identity-service","timestamp":"2025-10-11T11:49:50.646Z"}
{"level":"info","message":"Received GET request to /v1/media/get","service":"identity-service","timestamp":"2025-10-11T11:50:26.149Z"}
{"level":"info","message":"Request body, undefined","service":"identity-service","timestamp":"2025-10-11T11:50:26.151Z"}
{"level":"error","message":"Proxy error: socket hang up","service":"identity-service","timestamp":"2025-10-11T11:50:37.954Z"}
{"level":"info","message":"Received GET request to /v1/auth/get","service":"identity-service","timestamp":"2025-10-11T11:53:32.333Z"}
{"level":"info","message":"Request body, undefined","service":"identity-service","timestamp":"2025-10-11T11:53:32.333Z"}
{"level":"info","message":"Response received from Identity service: 404","service":"identity-service","timestamp":"2025-10-11T11:53:32.345Z"}
{"level":"info","message":"Received GET request to /v1/media/get","service":"identity-service","timestamp":"2025-10-11T11:54:00.041Z"}
{"level":"info","message":"Request body, undefined","service":"identity-service","timestamp":"2025-10-11T11:54:00.042Z"}
{"level":"error","message":"Proxy error: socket hang up","service":"identity-service","timestamp":"2025-10-11T11:54:03.233Z"}
{"level":"info","message":"Received POST request to /v1/auth/login","service":"identity-service","timestamp":"2025-10-11T12:00:21.745Z"}
{"level":"info","message":"Request body, undefined","service":"identity-service","timestamp":"2025-10-11T12:00:21.746Z"}
{"level":"info","message":"Response received from Identity service: 200","service":"identity-service","timestamp":"2025-10-11T12:00:22.058Z"}
{"level":"info","message":"Received GET request to /v1/posts/all-posts","service":"identity-service","timestamp":"2025-10-11T12:00:37.965Z"}
{"level":"info","message":"Request body, undefined","service":"identity-service","timestamp":"2025-10-11T12:00:37.965Z"}
{"level":"info","message":"Response received from Post service: 200","service":"identity-service","timestamp":"2025-10-11T12:00:38.255Z"}
{"level":"info","message":"Received GET request to /v1/media/get","service":"identity-service","timestamp":"2025-10-11T12:05:48.151Z"}
{"level":"info","message":"Request body, undefined","service":"identity-service","timestamp":"2025-10-11T12:05:48.151Z"}
{"level":"info","message":"Response received from media service: 200","service":"identity-service","timestamp":"2025-10-11T12:05:48.286Z"}
{"level":"info","message":"Received POST request to /v1/media/upload","service":"identity-service","timestamp":"2025-10-11T12:06:45.090Z"}
{"level":"info","message":"Request body, undefined","service":"identity-service","timestamp":"2025-10-11T12:06:45.091Z"}
{"level":"info","message":"Response received from media service: 201","service":"identity-service","timestamp":"2025-10-11T12:06:49.327Z"}
{"level":"info","message":"Received POST request to /v1/posts/create-post","service":"identity-service","timestamp":"2025-10-11T12:07:31.854Z"}
{"level":"info","message":"Request body, [object Object]","service":"identity-service","timestamp":"2025-10-11T12:07:31.855Z"}
{"level":"warn","message":"Invalid token!","service":"identity-service","timestamp":"2025-10-11T12:07:31.858Z"}
{"level":"info","message":"Received POST request to /v1/posts/create-post","service":"identity-service","timestamp":"2025-10-11T12:08:00.968Z"}
{"level":"info","message":"Request body, [object Object]","service":"identity-service","timestamp":"2025-10-11T12:08:00.969Z"}
{"level":"info","message":"Response received from Post service: 201","service":"identity-service","timestamp":"2025-10-11T12:08:01.114Z"}
{"level":"info","message":"Received GET request to /v1/posts/all-posts","service":"identity-service","timestamp":"2025-10-11T12:08:13.571Z"}
{"level":"info","message":"Request body, undefined","service":"identity-service","timestamp":"2025-10-11T12:08:13.571Z"}
{"level":"info","message":"Response received from Post service: 200","service":"identity-service","timestamp":"2025-10-11T12:08:13.731Z"}
{"level":"info","message":"Received DELETE request to /v1/posts/68ea48a1fba9143af48d1ff0","service":"identity-service","timestamp":"2025-10-11T12:10:04.887Z"}
{"level":"info","message":"Request body, undefined","service":"identity-service","timestamp":"2025-10-11T12:10:04.887Z"}
{"level":"info","message":"Response received from Post service: 200","service":"identity-service","timestamp":"2025-10-11T12:10:05.010Z"}
{"level":"info","message":"API Gateway is running on port 3000","service":"identity-service","timestamp":"2025-10-11T13:28:58.348Z"}
{"level":"info","message":"Identity service is running on port http://localhost:3001","service":"identity-service","timestamp":"2025-10-11T13:28:58.354Z"}
{"level":"info","message":"Post service is running on port http://localhost:3002","service":"identity-service","timestamp":"2025-10-11T13:28:58.355Z"}
{"level":"info","message":"Media service is running on port http://localhost:3003","service":"identity-service","timestamp":"2025-10-11T13:28:58.355Z"}
{"level":"info","message":"Redis Url redis://localhost:6379","service":"identity-service","timestamp":"2025-10-11T13:28:58.356Z"}
{"level":"info","message":"Received POST request to /v1/auth/login","service":"identity-service","timestamp":"2025-10-11T13:30:11.542Z"}
{"level":"info","message":"Request body, undefined","service":"identity-service","timestamp":"2025-10-11T13:30:11.545Z"}
{"level":"info","message":"Response received from Identity service: 200","service":"identity-service","timestamp":"2025-10-11T13:30:12.034Z"}
{"level":"info","message":"Received GET request to /v1/media/get","service":"identity-service","timestamp":"2025-10-11T13:31:08.813Z"}
{"level":"info","message":"Request body, undefined","service":"identity-service","timestamp":"2025-10-11T13:31:08.813Z"}
{"level":"info","message":"Response received from media service: 200","service":"identity-service","timestamp":"2025-10-11T13:31:08.954Z"}
{"level":"info","message":"Received POST request to /v1/posts/create-post","service":"identity-service","timestamp":"2025-10-11T13:31:53.247Z"}
{"level":"info","message":"Request body, [object Object]","service":"identity-service","timestamp":"2025-10-11T13:31:53.248Z"}
{"level":"info","message":"Response received from Post service: 201","service":"identity-service","timestamp":"2025-10-11T13:31:53.492Z"}
{"level":"info","message":"Received DELETE request to /v1/posts/68ea5c4951bac0e5ec64b9cc","service":"identity-service","timestamp":"2025-10-11T13:32:54.955Z"}
{"level":"info","message":"Request body, undefined","service":"identity-service","timestamp":"2025-10-11T13:32:54.956Z"}
{"level":"info","message":"Response received from Post service: 200","service":"identity-service","timestamp":"2025-10-11T13:32:55.074Z"}
{"level":"info","message":"Received POST request to /v1/media/upload","service":"identity-service","timestamp":"2025-10-11T13:37:45.778Z"}
{"level":"info","message":"Request body, undefined","service":"identity-service","timestamp":"2025-10-11T13:37:45.779Z"}
{"level":"error","message":"Proxy error: socket hang up","service":"identity-service","timestamp":"2025-10-11T13:37:55.791Z"}
{"level":"info","message":"Received POST request to /v1/media/upload","service":"identity-service","timestamp":"2025-10-11T13:37:57.081Z"}
{"level":"info","message":"Request body, undefined","service":"identity-service","timestamp":"2025-10-11T13:37:57.082Z"}
{"level":"info","message":"Response received from media service: 201","service":"identity-service","timestamp":"2025-10-11T13:39:03.098Z"}
{"level":"info","message":"Received POST request to /v1/posts/create-post","service":"identity-service","timestamp":"2025-10-11T13:39:35.038Z"}
{"level":"info","message":"Request body, [object Object]","service":"identity-service","timestamp":"2025-10-11T13:39:35.039Z"}
{"level":"info","message":"Response received from Post service: 201","service":"identity-service","timestamp":"2025-10-11T13:39:35.183Z"}
{"level":"info","message":"Received GET request to /v1/posts/all-posts","service":"identity-service","timestamp":"2025-10-11T13:39:44.800Z"}
{"level":"info","message":"Request body, undefined","service":"identity-service","timestamp":"2025-10-11T13:39:44.801Z"}
{"level":"warn","message":"Invalid token!","service":"identity-service","timestamp":"2025-10-11T13:39:44.805Z"}
{"level":"info","message":"Received GET request to /v1/posts/all-posts","service":"identity-service","timestamp":"2025-10-11T13:40:02.675Z"}
{"level":"info","message":"Request body, undefined","service":"identity-service","timestamp":"2025-10-11T13:40:02.676Z"}
{"level":"info","message":"Response received from Post service: 200","service":"identity-service","timestamp":"2025-10-11T13:40:03.867Z"}
{"level":"info","message":"Received DELETE request to /v1/posts/68ea5e1751bac0e5ec64b9cf","service":"identity-service","timestamp":"2025-10-11T13:40:36.264Z"}
{"level":"info","message":"Request body, undefined","service":"identity-service","timestamp":"2025-10-11T13:40:36.264Z"}
{"level":"info","message":"Response received from Post service: 200","service":"identity-service","timestamp":"2025-10-11T13:40:36.359Z"}
{"level":"info","message":"Received POST request to /v1/media/upload","service":"identity-service","timestamp":"2025-10-11T13:40:42.332Z"}
{"level":"info","message":"Request body, undefined","service":"identity-service","timestamp":"2025-10-11T13:40:42.344Z"}
{"level":"info","message":"Response received from media service: 201","service":"identity-service","timestamp":"2025-10-11T13:41:20.707Z"}
{"level":"info","message":"Received POST request to /v1/auth/login","service":"identity-service","timestamp":"2025-10-11T13:55:53.063Z"}
{"level":"info","message":"Request body, undefined","service":"identity-service","timestamp":"2025-10-11T13:55:53.065Z"}
{"level":"info","message":"Response received from Identity service: 200","service":"identity-service","timestamp":"2025-10-11T13:55:54.278Z"}
{"level":"info","message":"Received GET request to /v1/posts/all-posts","service":"identity-service","timestamp":"2025-10-11T13:56:07.928Z"}
{"level":"info","message":"Request body, undefined","service":"identity-service","timestamp":"2025-10-11T13:56:07.929Z"}
{"level":"info","message":"Response received from Post service: 200","service":"identity-service","timestamp":"2025-10-11T13:56:08.587Z"}
{"level":"info","message":"Received POST request to /v1/media/upload","service":"identity-service","timestamp":"2025-10-11T13:56:34.142Z"}
{"level":"info","message":"Request body, undefined","service":"identity-service","timestamp":"2025-10-11T13:56:34.142Z"}
{"level":"info","message":"Response received from media service: 201","service":"identity-service","timestamp":"2025-10-11T13:57:00.394Z"}
{"level":"info","message":"Received POST request to /v1/posts/create-post","service":"identity-service","timestamp":"2025-10-11T13:58:14.690Z"}
{"level":"info","message":"Request body, [object Object]","service":"identity-service","timestamp":"2025-10-11T13:58:14.691Z"}
{"level":"info","message":"Response received from Post service: 201","service":"identity-service","timestamp":"2025-10-11T13:58:14.849Z"}
{"level":"info","message":"Received DELETE request to /v1/posts/68ea627651bac0e5ec64b9d6","service":"identity-service","timestamp":"2025-10-11T14:01:47.623Z"}
{"level":"info","message":"Request body, undefined","service":"identity-service","timestamp":"2025-10-11T14:01:47.624Z"}
{"level":"info","message":"Response received from Post service: 200","service":"identity-service","timestamp":"2025-10-11T14:01:47.719Z"}
{"level":"info","message":"API Gateway is running on port 3000","service":"identity-service","timestamp":"2025-10-12T11:10:05.369Z"}
{"level":"info","message":"Identity service is running on port http://localhost:3001","service":"identity-service","timestamp":"2025-10-12T11:10:05.378Z"}
{"level":"info","message":"Post service is running on port http://localhost:3002","service":"identity-service","timestamp":"2025-10-12T11:10:05.379Z"}
{"level":"info","message":"Media service is running on port http://localhost:3003","service":"identity-service","timestamp":"2025-10-12T11:10:05.380Z"}
{"level":"info","message":"Redis Url redis://localhost:6379","service":"identity-service","timestamp":"2025-10-12T11:10:05.380Z"}
{"level":"info","message":"Received POST request to /v1/auth/login","service":"identity-service","timestamp":"2025-10-12T11:10:34.493Z"}
{"level":"info","message":"Request body, undefined","service":"identity-service","timestamp":"2025-10-12T11:10:34.494Z"}
{"level":"info","message":"Response received from Identity service: 200","service":"identity-service","timestamp":"2025-10-12T11:10:34.898Z"}
{"level":"info","message":"Received POST request to /v1/media/upload","service":"identity-service","timestamp":"2025-10-12T11:10:59.851Z"}
{"level":"info","message":"Request body, undefined","service":"identity-service","timestamp":"2025-10-12T11:10:59.853Z"}
{"level":"info","message":"Response received from media service: 201","service":"identity-service","timestamp":"2025-10-12T11:11:05.970Z"}
{"level":"info","message":"Received POST request to /v1/posts/create-post","service":"identity-service","timestamp":"2025-10-12T11:11:50.043Z"}
{"level":"info","message":"Request body, [object Object]","service":"identity-service","timestamp":"2025-10-12T11:11:50.044Z"}
{"level":"info","message":"Response received from Post service: 201","service":"identity-service","timestamp":"2025-10-12T11:11:50.220Z"}
{"level":"info","message":"Received GET request to /v1/posts/all-posts","service":"identity-service","timestamp":"2025-10-12T11:12:12.352Z"}
{"level":"info","message":"Request body, undefined","service":"identity-service","timestamp":"2025-10-12T11:12:12.354Z"}
{"level":"info","message":"Response received from Post service: 200","service":"identity-service","timestamp":"2025-10-12T11:12:12.559Z"}
{"level":"info","message":"Received DELETE request to /v1/posts/68eb8cf63a8af93776009c5f","service":"identity-service","timestamp":"2025-10-12T11:12:50.950Z"}
{"level":"info","message":"Request body, undefined","service":"identity-service","timestamp":"2025-10-12T11:12:50.951Z"}
{"level":"info","message":"Response received from Post service: 500","service":"identity-service","timestamp":"2025-10-12T11:12:51.060Z"}
{"level":"info","message":"Received DELETE request to /v1/posts/68eb8cf63a8af93776009c5f","service":"identity-service","timestamp":"2025-10-12T11:14:58.265Z"}
{"level":"info","message":"Request body, undefined","service":"identity-service","timestamp":"2025-10-12T11:14:58.266Z"}
{"level":"info","message":"Response received from Post service: 404","service":"identity-service","timestamp":"2025-10-12T11:14:58.400Z"}
{"level":"info","message":"Received POST request to /v1/posts/create-post","service":"identity-service","timestamp":"2025-10-12T11:15:25.942Z"}
{"level":"info","message":"Request body, [object Object]","service":"identity-service","timestamp":"2025-10-12T11:15:25.942Z"}
{"level":"info","message":"Response received from Post service: 201","service":"identity-service","timestamp":"2025-10-12T11:15:26.076Z"}
{"level":"info","message":"Received DELETE request to /v1/posts/68eb8dcdcccdc77e53c5be6c","service":"identity-service","timestamp":"2025-10-12T11:16:10.003Z"}
{"level":"info","message":"Request body, undefined","service":"identity-service","timestamp":"2025-10-12T11:16:10.003Z"}
{"level":"info","message":"Response received from Post service: 200","service":"identity-service","timestamp":"2025-10-12T11:16:10.092Z"}
{"level":"info","message":"Received POST request to /v1/media/upload","service":"identity-service","timestamp":"2025-10-12T11:18:02.608Z"}
{"level":"info","message":"Request body, undefined","service":"identity-service","timestamp":"2025-10-12T11:18:02.609Z"}
{"level":"info","message":"Response received from media service: 201","service":"identity-service","timestamp":"2025-10-12T11:18:07.377Z"}
{"level":"info","message":"Received POST request to /v1/posts/create-post","service":"identity-service","timestamp":"2025-10-12T11:18:37.654Z"}
{"level":"info","message":"Request body, [object Object]","service":"identity-service","timestamp":"2025-10-12T11:18:37.655Z"}
{"level":"info","message":"Response received from Post service: 201","service":"identity-service","timestamp":"2025-10-12T11:18:37.762Z"}
{"level":"info","message":"Received GET request to /v1/posts/all-posts","service":"identity-service","timestamp":"2025-10-12T11:19:02.612Z"}
{"level":"info","message":"Request body, undefined","service":"identity-service","timestamp":"2025-10-12T11:19:02.612Z"}
{"level":"info","message":"Response received from Post service: 200","service":"identity-service","timestamp":"2025-10-12T11:19:02.886Z"}
{"level":"info","message":"Received DELETE request to /v1/posts/68eb8e8dcccdc77e53c5be6f","service":"identity-service","timestamp":"2025-10-12T11:19:27.481Z"}
{"level":"info","message":"Request body, undefined","service":"identity-service","timestamp":"2025-10-12T11:19:27.482Z"}
{"level":"info","message":"Response received from Post service: 200","service":"identity-service","timestamp":"2025-10-12T11:19:27.610Z"}
{"level":"info","message":"API Gateway is running on port 3000","service":"identity-service","timestamp":"2025-10-14T03:32:12.639Z"}
{"level":"info","message":"Identity service is running on port http://localhost:3001","service":"identity-service","timestamp":"2025-10-14T03:32:12.645Z"}
{"level":"info","message":"Post service is running on port http://localhost:3002","service":"identity-service","timestamp":"2025-10-14T03:32:12.646Z"}
{"level":"info","message":"Media service is running on port http://localhost:3003","service":"identity-service","timestamp":"2025-10-14T03:32:12.647Z"}
{"level":"info","message":"Search service is running on port http://localhost:3004","service":"identity-service","timestamp":"2025-10-14T03:32:12.647Z"}
{"level":"info","message":"Redis Url redis://localhost:6379","service":"identity-service","timestamp":"2025-10-14T03:32:12.648Z"}
{"level":"info","message":"Received POST request to /v1/auth/login","service":"identity-service","timestamp":"2025-10-14T03:51:09.361Z"}
{"level":"info","message":"Request body, undefined","service":"identity-service","timestamp":"2025-10-14T03:51:09.366Z"}
{"level":"info","message":"Response received from Identity service: 200","service":"identity-service","timestamp":"2025-10-14T03:51:10.320Z"}
{"level":"info","message":"Received POST request to /v1/posts/create-post","service":"identity-service","timestamp":"2025-10-14T03:52:01.758Z"}
{"level":"info","message":"Request body, [object Object]","service":"identity-service","timestamp":"2025-10-14T03:52:01.760Z"}
{"level":"info","message":"Response received from Post service: 201","service":"identity-service","timestamp":"2025-10-14T03:52:02.813Z"}
{"level":"info","message":"Received POST request to /v1/auth/login","service":"identity-service","timestamp":"2025-10-14T04:41:15.193Z"}
{"level":"info","message":"Request body, undefined","service":"identity-service","timestamp":"2025-10-14T04:41:15.200Z"}
{"level":"info","message":"Response received from Identity service: 200","service":"identity-service","timestamp":"2025-10-14T04:41:17.032Z"}
{"level":"info","message":"Received POST request to /v1/posts/create-post","service":"identity-service","timestamp":"2025-10-14T04:41:55.691Z"}
{"level":"info","message":"Request body, [object Object]","service":"identity-service","timestamp":"2025-10-14T04:41:55.692Z"}
{"level":"info","message":"Response received from Post service: 201","service":"identity-service","timestamp":"2025-10-14T04:41:58.950Z"}
{"level":"info","message":"Received POST request to /v1/posts/create-post","service":"identity-service","timestamp":"2025-10-14T04:44:25.442Z"}
{"level":"info","message":"Request body, [object Object]","service":"identity-service","timestamp":"2025-10-14T04:44:25.445Z"}
{"level":"info","message":"Response received from Post service: 201","service":"identity-service","timestamp":"2025-10-14T04:44:25.600Z"}
{"level":"info","message":"Received DELETE request to /v1/posts/68edd52998f47c7454de71b9","service":"identity-service","timestamp":"2025-10-14T04:48:04.108Z"}
{"level":"info","message":"Request body, undefined","service":"identity-service","timestamp":"2025-10-14T04:48:04.113Z"}
{"level":"info","message":"Response received from Post service: 200","service":"identity-service","timestamp":"2025-10-14T04:48:04.242Z"}
{"level":"info","message":"Received POST request to /v1/posts/create-post","service":"identity-service","timestamp":"2025-10-14T04:58:09.110Z"}
{"level":"info","message":"Request body, [object Object]","service":"identity-service","timestamp":"2025-10-14T04:58:09.112Z"}
{"level":"warn","message":"Invalid token!","service":"identity-service","timestamp":"2025-10-14T04:58:09.126Z"}
{"level":"info","message":"Received POST request to /v1/auth/login","service":"identity-service","timestamp":"2025-10-14T04:58:16.541Z"}
{"level":"info","message":"Request body, undefined","service":"identity-service","timestamp":"2025-10-14T04:58:16.541Z"}
{"level":"info","message":"Response received from Identity service: 200","service":"identity-service","timestamp":"2025-10-14T04:58:16.928Z"}
{"level":"info","message":"Received POST request to /v1/posts/create-post","service":"identity-service","timestamp":"2025-10-14T04:58:35.943Z"}
{"level":"info","message":"Request body, [object Object]","service":"identity-service","timestamp":"2025-10-14T04:58:35.944Z"}
{"level":"info","message":"Response received from Post service: 201","service":"identity-service","timestamp":"2025-10-14T04:58:36.168Z"}
{"level":"info","message":"Received DELETE request to /v1/posts/68edd87cd71db2af7a0ceb12","service":"identity-service","timestamp":"2025-10-14T04:59:02.670Z"}
{"level":"info","message":"Request body, undefined","service":"identity-service","timestamp":"2025-10-14T04:59:02.671Z"}
{"level":"warn","message":"Invalid token!","service":"identity-service","timestamp":"2025-10-14T04:59:02.674Z"}
{"level":"info","message":"Received DELETE request to /v1/posts/68edd87cd71db2af7a0ceb12","service":"identity-service","timestamp":"2025-10-14T04:59:26.100Z"}
{"level":"info","message":"Request body, undefined","service":"identity-service","timestamp":"2025-10-14T04:59:26.101Z"}
{"level":"info","message":"Response received from Post service: 200","service":"identity-service","timestamp":"2025-10-14T04:59:26.224Z"}
{"level":"info","message":"Received POST request to /v1/posts/create-post","service":"identity-service","timestamp":"2025-10-14T05:00:09.910Z"}
{"level":"info","message":"Request body, [object Object]","service":"identity-service","timestamp":"2025-10-14T05:00:09.910Z"}
{"level":"info","message":"Response received from Post service: 201","service":"identity-service","timestamp":"2025-10-14T05:00:10.016Z"}
{"level":"info","message":"Received DELETE request to /v1/posts/68edd8d9d71db2af7a0ceb15","service":"identity-service","timestamp":"2025-10-14T05:01:00.908Z"}
{"level":"info","message":"Request body, undefined","service":"identity-service","timestamp":"2025-10-14T05:01:00.909Z"}
{"level":"info","message":"Response received from Post service: 200","service":"identity-service","timestamp":"2025-10-14T05:01:01.022Z"}
{"level":"info","message":"Received POST request to /v1/search/posts?query=random","service":"identity-service","timestamp":"2025-10-14T05:02:56.871Z"}
{"level":"info","message":"Request body, undefined","service":"identity-service","timestamp":"2025-10-14T05:02:56.872Z"}
{"level":"info","message":"Response received from Search service: 404","service":"identity-service","timestamp":"2025-10-14T05:02:56.948Z"}
{"level":"info","message":"Received GET request to /v1/search/posts?query=random","service":"identity-service","timestamp":"2025-10-14T05:04:02.944Z"}
{"level":"info","message":"Request body, undefined","service":"identity-service","timestamp":"2025-10-14T05:04:02.945Z"}
{"level":"info","message":"Response received from Search service: 404","service":"identity-service","timestamp":"2025-10-14T05:04:02.957Z"}
{"level":"info","message":"Received GET request to /v1/search/posts?query=random","service":"identity-service","timestamp":"2025-10-14T05:08:24.493Z"}
{"level":"info","message":"Request body, undefined","service":"identity-service","timestamp":"2025-10-14T05:08:24.494Z"}
{"level":"info","message":"Response received from Search service: 200","service":"identity-service","timestamp":"2025-10-14T05:08:26.897Z"}
