{"level":"info","message":"Identity service running on port 3002","service":"identity-service","timestamp":"2025-10-08T05:42:51.999Z"}
{"level":"info","message":"Connected to mongoDB","service":"identity-service","timestamp":"2025-10-08T05:42:53.749Z"}
{"level":"info","message":"Post service running on port 3002","service":"identity-service","timestamp":"2025-10-08T05:43:32.643Z"}
{"level":"info","message":"Connected to mongoDB","service":"identity-service","timestamp":"2025-10-08T05:43:33.733Z"}
{"level":"info","message":"Post service running on port 3002","service":"identity-service","timestamp":"2025-10-08T05:57:20.888Z"}
{"level":"info","message":"Connected to mongoDB","service":"identity-service","timestamp":"2025-10-08T05:57:22.164Z"}
{"level":"info","message":"Post service running on port 3002","service":"identity-service","timestamp":"2025-10-08T05:57:36.559Z"}
{"level":"info","message":"Connected to mongoDB","service":"identity-service","timestamp":"2025-10-08T05:57:37.483Z"}
{"level":"info","message":"Post service running on port 3002","service":"identity-service","timestamp":"2025-10-08T05:57:42.603Z"}
{"level":"info","message":"Connected to mongoDB","service":"identity-service","timestamp":"2025-10-08T05:57:43.538Z"}
{"level":"info","message":"Post service running on port 3002","service":"identity-service","timestamp":"2025-10-08T05:58:10.129Z"}
{"level":"info","message":"Connected to mongoDB","service":"identity-service","timestamp":"2025-10-08T05:58:11.122Z"}
{"level":"info","message":"Post service running on port 3002","service":"identity-service","timestamp":"2025-10-08T05:58:38.302Z"}
{"level":"info","message":"Connected to mongoDB","service":"identity-service","timestamp":"2025-10-08T05:58:39.545Z"}
{"level":"info","message":"Post service running on port 3002","service":"identity-service","timestamp":"2025-10-08T06:00:35.184Z"}
{"level":"info","message":"Connected to mongoDB","service":"identity-service","timestamp":"2025-10-08T06:00:36.714Z"}
{"level":"info","message":"Post service running on port 3002","service":"identity-service","timestamp":"2025-10-08T06:01:30.974Z"}
{"level":"info","message":"Connected to mongoDB","service":"identity-service","timestamp":"2025-10-08T06:01:33.116Z"}
{"level":"info","message":"Post service running on port 3002","service":"identity-service","timestamp":"2025-10-08T06:01:58.557Z"}
{"level":"info","message":"Connected to mongoDB","service":"identity-service","timestamp":"2025-10-08T06:01:59.701Z"}
{"level":"info","message":"Post service running on port 3002","service":"identity-service","timestamp":"2025-10-08T06:03:15.381Z"}
{"level":"info","message":"Connected to mongoDB","service":"identity-service","timestamp":"2025-10-08T06:03:17.141Z"}
{"level":"info","message":"Post service running on port 3002","service":"identity-service","timestamp":"2025-10-08T06:05:07.794Z"}
{"level":"info","message":"Connected to mongoDB","service":"identity-service","timestamp":"2025-10-08T06:05:08.922Z"}
{"level":"info","message":"Post service running on port 3002","service":"identity-service","timestamp":"2025-10-08T06:08:02.509Z"}
{"level":"info","message":"Connected to mongoDB","service":"identity-service","timestamp":"2025-10-08T06:08:04.428Z"}
{"level":"info","message":"Post service running on port 3002","service":"identity-service","timestamp":"2025-10-08T06:23:19.900Z"}
{"level":"info","message":"Connected to mongoDB","service":"identity-service","timestamp":"2025-10-08T06:23:21.263Z"}
{"level":"info","message":"Post service running on port 3002","service":"identity-service","timestamp":"2025-10-08T06:23:50.768Z"}
{"level":"info","message":"Connected to mongoDB","service":"identity-service","timestamp":"2025-10-08T06:23:51.896Z"}
{"level":"info","message":"Post service running on port 3002","service":"identity-service","timestamp":"2025-10-08T06:23:59.860Z"}
{"level":"info","message":"Connected to mongoDB","service":"identity-service","timestamp":"2025-10-08T06:24:00.882Z"}
{"level":"info","message":"Post service running on port 3002","service":"identity-service","timestamp":"2025-10-08T06:24:27.938Z"}
{"level":"info","message":"Connected to mongoDB","service":"identity-service","timestamp":"2025-10-08T06:24:29.583Z"}
{"level":"info","message":"Post service running on port 3002","service":"identity-service","timestamp":"2025-10-08T06:27:09.864Z"}
{"level":"info","message":"Connected to mongoDB","service":"identity-service","timestamp":"2025-10-08T06:27:11.209Z"}
{"level":"info","message":"Post service running on port 3002","service":"identity-service","timestamp":"2025-10-08T06:27:15.603Z"}
{"level":"info","message":"Connected to mongoDB","service":"identity-service","timestamp":"2025-10-08T06:27:16.423Z"}
{"level":"info","message":"Post service running on port 3002","service":"identity-service","timestamp":"2025-10-08T06:27:51.896Z"}
{"level":"info","message":"Connected to mongoDB","service":"identity-service","timestamp":"2025-10-08T06:27:52.842Z"}
{"level":"info","message":"Post service running on port 3002","service":"identity-service","timestamp":"2025-10-08T06:29:34.971Z"}
{"level":"info","message":"Connected to mongoDB","service":"identity-service","timestamp":"2025-10-08T06:29:36.736Z"}
{"level":"info","message":"Post service running on port 3002","service":"identity-service","timestamp":"2025-10-08T06:29:46.115Z"}
{"level":"info","message":"Connected to mongoDB","service":"identity-service","timestamp":"2025-10-08T06:29:47.090Z"}
{"level":"info","message":"Received POST requested to /api/posts/create-post","service":"identity-service","timestamp":"2025-10-08T08:39:50.985Z"}
{"level":"info","message":"Request body, [object Object]","service":"identity-service","timestamp":"2025-10-08T08:39:50.994Z"}
{"level":"info","message":"Create post endpoint hit","service":"identity-service","timestamp":"2025-10-08T08:39:50.998Z"}
{"level":"error","message":"Create post error occured validateCreatePost is not defined","service":"identity-service","stack":"ReferenceError: validateCreatePost is not defined\n    at createPost (C:\\Users\\Manish\\OneDrive\\Desktop\\SOCIAL-MEDIA-MICROSERVICES\\post-service\\src\\controllers\\post-Controller.js:10:23)\n    at Layer.handleRequest (C:\\Users\\Manish\\OneDrive\\Desktop\\SOCIAL-MEDIA-MICROSERVICES\\post-service\\node_modules\\router\\lib\\layer.js:152:17)\n    at next (C:\\Users\\Manish\\OneDrive\\Desktop\\SOCIAL-MEDIA-MICROSERVICES\\post-service\\node_modules\\router\\lib\\route.js:157:13)\n    at Route.dispatch (C:\\Users\\Manish\\OneDrive\\Desktop\\SOCIAL-MEDIA-MICROSERVICES\\post-service\\node_modules\\router\\lib\\route.js:117:3)\n    at handle (C:\\Users\\Manish\\OneDrive\\Desktop\\SOCIAL-MEDIA-MICROSERVICES\\post-service\\node_modules\\router\\index.js:435:11)\n    at Layer.handleRequest (C:\\Users\\Manish\\OneDrive\\Desktop\\SOCIAL-MEDIA-MICROSERVICES\\post-service\\node_modules\\router\\lib\\layer.js:152:17)\n    at C:\\Users\\Manish\\OneDrive\\Desktop\\SOCIAL-MEDIA-MICROSERVICES\\post-service\\node_modules\\router\\index.js:295:15\n    at processParams (C:\\Users\\Manish\\OneDrive\\Desktop\\SOCIAL-MEDIA-MICROSERVICES\\post-service\\node_modules\\router\\index.js:582:12)\n    at next (C:\\Users\\Manish\\OneDrive\\Desktop\\SOCIAL-MEDIA-MICROSERVICES\\post-service\\node_modules\\router\\index.js:291:5)\n    at authenticationRequest (C:\\Users\\Manish\\OneDrive\\Desktop\\SOCIAL-MEDIA-MICROSERVICES\\post-service\\src\\middlewares\\auth-middleware.js:15:3)","timestamp":"2025-10-08T08:39:51.001Z"}
{"level":"info","message":"Received POST requested to /api/posts/create-post","service":"identity-service","timestamp":"2025-10-08T08:40:00.516Z"}
{"level":"info","message":"Request body, [object Object]","service":"identity-service","timestamp":"2025-10-08T08:40:00.517Z"}
{"level":"info","message":"Create post endpoint hit","service":"identity-service","timestamp":"2025-10-08T08:40:00.519Z"}
{"level":"error","message":"Create post error occured validateCreatePost is not defined","service":"identity-service","stack":"ReferenceError: validateCreatePost is not defined\n    at createPost (C:\\Users\\Manish\\OneDrive\\Desktop\\SOCIAL-MEDIA-MICROSERVICES\\post-service\\src\\controllers\\post-Controller.js:10:23)\n    at Layer.handleRequest (C:\\Users\\Manish\\OneDrive\\Desktop\\SOCIAL-MEDIA-MICROSERVICES\\post-service\\node_modules\\router\\lib\\layer.js:152:17)\n    at next (C:\\Users\\Manish\\OneDrive\\Desktop\\SOCIAL-MEDIA-MICROSERVICES\\post-service\\node_modules\\router\\lib\\route.js:157:13)\n    at Route.dispatch (C:\\Users\\Manish\\OneDrive\\Desktop\\SOCIAL-MEDIA-MICROSERVICES\\post-service\\node_modules\\router\\lib\\route.js:117:3)\n    at handle (C:\\Users\\Manish\\OneDrive\\Desktop\\SOCIAL-MEDIA-MICROSERVICES\\post-service\\node_modules\\router\\index.js:435:11)\n    at Layer.handleRequest (C:\\Users\\Manish\\OneDrive\\Desktop\\SOCIAL-MEDIA-MICROSERVICES\\post-service\\node_modules\\router\\lib\\layer.js:152:17)\n    at C:\\Users\\Manish\\OneDrive\\Desktop\\SOCIAL-MEDIA-MICROSERVICES\\post-service\\node_modules\\router\\index.js:295:15\n    at processParams (C:\\Users\\Manish\\OneDrive\\Desktop\\SOCIAL-MEDIA-MICROSERVICES\\post-service\\node_modules\\router\\index.js:582:12)\n    at next (C:\\Users\\Manish\\OneDrive\\Desktop\\SOCIAL-MEDIA-MICROSERVICES\\post-service\\node_modules\\router\\index.js:291:5)\n    at authenticationRequest (C:\\Users\\Manish\\OneDrive\\Desktop\\SOCIAL-MEDIA-MICROSERVICES\\post-service\\src\\middlewares\\auth-middleware.js:15:3)","timestamp":"2025-10-08T08:40:00.522Z"}
{"level":"info","message":"Post service running on port 3002","service":"identity-service","timestamp":"2025-10-08T08:42:17.941Z"}
{"level":"info","message":"Connected to mongoDB","service":"identity-service","timestamp":"2025-10-08T08:42:19.380Z"}
{"level":"info","message":"Post service running on port 3002","service":"identity-service","timestamp":"2025-10-08T08:47:24.567Z"}
{"level":"info","message":"Connected to mongoDB","service":"identity-service","timestamp":"2025-10-08T08:47:26.325Z"}
{"level":"info","message":"Received POST requested to /api/posts/create-post","service":"identity-service","timestamp":"2025-10-08T08:48:09.282Z"}
{"level":"info","message":"Request body, [object Object]","service":"identity-service","timestamp":"2025-10-08T08:48:09.284Z"}
{"level":"info","message":"Create post endpoint hit","service":"identity-service","timestamp":"2025-10-08T08:48:09.287Z"}
{"level":"error","message":"Create post error occured validateCreatePost is not defined","service":"identity-service","stack":"ReferenceError: validateCreatePost is not defined\n    at createPost (C:\\Users\\Manish\\OneDrive\\Desktop\\SOCIAL-MEDIA-MICROSERVICES\\post-service\\src\\controllers\\post-Controller.js:10:23)\n    at Layer.handleRequest (C:\\Users\\Manish\\OneDrive\\Desktop\\SOCIAL-MEDIA-MICROSERVICES\\post-service\\node_modules\\router\\lib\\layer.js:152:17)\n    at next (C:\\Users\\Manish\\OneDrive\\Desktop\\SOCIAL-MEDIA-MICROSERVICES\\post-service\\node_modules\\router\\lib\\route.js:157:13)\n    at Route.dispatch (C:\\Users\\Manish\\OneDrive\\Desktop\\SOCIAL-MEDIA-MICROSERVICES\\post-service\\node_modules\\router\\lib\\route.js:117:3)\n    at handle (C:\\Users\\Manish\\OneDrive\\Desktop\\SOCIAL-MEDIA-MICROSERVICES\\post-service\\node_modules\\router\\index.js:435:11)\n    at Layer.handleRequest (C:\\Users\\Manish\\OneDrive\\Desktop\\SOCIAL-MEDIA-MICROSERVICES\\post-service\\node_modules\\router\\lib\\layer.js:152:17)\n    at C:\\Users\\Manish\\OneDrive\\Desktop\\SOCIAL-MEDIA-MICROSERVICES\\post-service\\node_modules\\router\\index.js:295:15\n    at processParams (C:\\Users\\Manish\\OneDrive\\Desktop\\SOCIAL-MEDIA-MICROSERVICES\\post-service\\node_modules\\router\\index.js:582:12)\n    at next (C:\\Users\\Manish\\OneDrive\\Desktop\\SOCIAL-MEDIA-MICROSERVICES\\post-service\\node_modules\\router\\index.js:291:5)\n    at authenticationRequest (C:\\Users\\Manish\\OneDrive\\Desktop\\SOCIAL-MEDIA-MICROSERVICES\\post-service\\src\\middlewares\\auth-middleware.js:15:3)","timestamp":"2025-10-08T08:48:09.289Z"}
{"level":"info","message":"Received POST requested to /api/posts/create-post","service":"identity-service","timestamp":"2025-10-08T08:48:45.140Z"}
{"level":"info","message":"Request body, [object Object]","service":"identity-service","timestamp":"2025-10-08T08:48:45.141Z"}
{"level":"info","message":"Create post endpoint hit","service":"identity-service","timestamp":"2025-10-08T08:48:45.142Z"}
{"level":"error","message":"Create post error occured validateCreatePost is not defined","service":"identity-service","stack":"ReferenceError: validateCreatePost is not defined\n    at createPost (C:\\Users\\Manish\\OneDrive\\Desktop\\SOCIAL-MEDIA-MICROSERVICES\\post-service\\src\\controllers\\post-Controller.js:10:23)\n    at Layer.handleRequest (C:\\Users\\Manish\\OneDrive\\Desktop\\SOCIAL-MEDIA-MICROSERVICES\\post-service\\node_modules\\router\\lib\\layer.js:152:17)\n    at next (C:\\Users\\Manish\\OneDrive\\Desktop\\SOCIAL-MEDIA-MICROSERVICES\\post-service\\node_modules\\router\\lib\\route.js:157:13)\n    at Route.dispatch (C:\\Users\\Manish\\OneDrive\\Desktop\\SOCIAL-MEDIA-MICROSERVICES\\post-service\\node_modules\\router\\lib\\route.js:117:3)\n    at handle (C:\\Users\\Manish\\OneDrive\\Desktop\\SOCIAL-MEDIA-MICROSERVICES\\post-service\\node_modules\\router\\index.js:435:11)\n    at Layer.handleRequest (C:\\Users\\Manish\\OneDrive\\Desktop\\SOCIAL-MEDIA-MICROSERVICES\\post-service\\node_modules\\router\\lib\\layer.js:152:17)\n    at C:\\Users\\Manish\\OneDrive\\Desktop\\SOCIAL-MEDIA-MICROSERVICES\\post-service\\node_modules\\router\\index.js:295:15\n    at processParams (C:\\Users\\Manish\\OneDrive\\Desktop\\SOCIAL-MEDIA-MICROSERVICES\\post-service\\node_modules\\router\\index.js:582:12)\n    at next (C:\\Users\\Manish\\OneDrive\\Desktop\\SOCIAL-MEDIA-MICROSERVICES\\post-service\\node_modules\\router\\index.js:291:5)\n    at authenticationRequest (C:\\Users\\Manish\\OneDrive\\Desktop\\SOCIAL-MEDIA-MICROSERVICES\\post-service\\src\\middlewares\\auth-middleware.js:15:3)","timestamp":"2025-10-08T08:48:45.143Z"}
{"level":"info","message":"Post service running on port 3002","service":"identity-service","timestamp":"2025-10-08T08:51:39.150Z"}
{"level":"info","message":"Connected to mongoDB","service":"identity-service","timestamp":"2025-10-08T08:51:43.729Z"}
{"level":"info","message":"Received POST requested to /api/posts/create-post","service":"identity-service","timestamp":"2025-10-08T08:51:46.953Z"}
{"level":"info","message":"Request body, [object Object]","service":"identity-service","timestamp":"2025-10-08T08:51:46.954Z"}
{"level":"info","message":"Create post endpoint hit","service":"identity-service","timestamp":"2025-10-08T08:51:46.957Z"}
{"0":"\"","1":"c","10":"i","11":"s","12":" ","13":"r","14":"e","15":"q","16":"u","17":"i","18":"r","19":"e","2":"o","20":"d","3":"n","4":"t","5":"e","6":"n","7":"t","8":"\"","9":" ","level":"warn","message":"Validation error","service":"identity-service","timestamp":"2025-10-08T08:51:46.968Z"}
{"level":"info","message":"Received POST requested to /api/posts/create-post","service":"identity-service","timestamp":"2025-10-08T08:52:33.150Z"}
{"level":"info","message":"Request body, [object Object]","service":"identity-service","timestamp":"2025-10-08T08:52:33.151Z"}
{"level":"info","message":"Create post endpoint hit","service":"identity-service","timestamp":"2025-10-08T08:52:33.152Z"}
{"level":"info","message":"Post service running on port 3002","service":"identity-service","timestamp":"2025-10-08T11:39:16.349Z"}
{"level":"info","message":"Connected to mongoDB","service":"identity-service","timestamp":"2025-10-08T11:39:17.983Z"}
{"level":"info","message":"Received POST requested to /api/posts/create-post","service":"identity-service","timestamp":"2025-10-08T11:40:50.017Z"}
{"level":"info","message":"Request body, [object Object]","service":"identity-service","timestamp":"2025-10-08T11:40:50.019Z"}
{"level":"info","message":"Create post endpoint hit","service":"identity-service","timestamp":"2025-10-08T11:40:50.022Z"}
{"level":"info","message":"Post service running on port 3002","service":"identity-service","timestamp":"2025-10-08T11:41:53.914Z"}
{"level":"info","message":"Connected to mongoDB","service":"identity-service","timestamp":"2025-10-08T11:42:14.285Z"}
{"level":"info","message":"Post service running on port 3002","service":"identity-service","timestamp":"2025-10-08T11:42:16.464Z"}
{"level":"info","message":"Connected to mongoDB","service":"identity-service","timestamp":"2025-10-08T11:42:22.690Z"}
{"level":"info","message":"Received GET requested to /api/posts/All-posts","service":"identity-service","timestamp":"2025-10-08T11:42:57.823Z"}
{"level":"info","message":"Request body, [object Object]","service":"identity-service","timestamp":"2025-10-08T11:42:57.824Z"}
{"level":"info","message":"Get all post endpoint hit...","service":"identity-service","timestamp":"2025-10-08T11:42:57.827Z"}
{"level":"error","message":"get all post error occured The comparison function must be either a function or undefined","service":"identity-service","stack":"TypeError: The comparison function must be either a function or undefined\n    at Array.toSorted (<anonymous>)\n    at getAllPosts (C:\\Users\\Manish\\OneDrive\\Desktop\\SOCIAL-MEDIA-MICROSERVICES\\post-service\\src\\controllers\\post-Controller.js:61:8)\n    at process.processTicksAndRejections (node:internal/process/task_queues:95:5)","timestamp":"2025-10-08T11:42:57.936Z"}
{"level":"info","message":"Post service running on port 3002","service":"identity-service","timestamp":"2025-10-08T11:44:38.937Z"}
{"level":"info","message":"Connected to mongoDB","service":"identity-service","timestamp":"2025-10-08T11:44:41.277Z"}
{"level":"info","message":"Post service running on port 3002","service":"identity-service","timestamp":"2025-10-08T11:46:18.036Z"}
{"level":"info","message":"Connected to mongoDB","service":"identity-service","timestamp":"2025-10-08T11:46:21.680Z"}
{"level":"info","message":"Received GET requested to /api/posts/All-posts","service":"identity-service","timestamp":"2025-10-08T11:47:17.695Z"}
{"level":"info","message":"Request body, [object Object]","service":"identity-service","timestamp":"2025-10-08T11:47:17.696Z"}
{"level":"info","message":"Get all post endpoint hit...","service":"identity-service","timestamp":"2025-10-08T11:47:17.700Z"}
{"level":"error","message":"get all post error occured The comparison function must be either a function or undefined","service":"identity-service","stack":"TypeError: The comparison function must be either a function or undefined\n    at Array.sort (<anonymous>)\n    at getAllPosts (C:\\Users\\Manish\\OneDrive\\Desktop\\SOCIAL-MEDIA-MICROSERVICES\\post-service\\src\\controllers\\post-Controller.js:61:8)\n    at process.processTicksAndRejections (node:internal/process/task_queues:95:5)","timestamp":"2025-10-08T11:47:17.796Z"}
{"level":"info","message":"Post service running on port 3002","service":"identity-service","timestamp":"2025-10-08T11:48:36.970Z"}
{"level":"info","message":"Connected to mongoDB","service":"identity-service","timestamp":"2025-10-08T11:48:38.948Z"}
{"level":"info","message":"Received GET requested to /api/posts/All-posts","service":"identity-service","timestamp":"2025-10-08T11:48:42.586Z"}
{"level":"info","message":"Request body, [object Object]","service":"identity-service","timestamp":"2025-10-08T11:48:42.587Z"}
{"level":"info","message":"Get all post endpoint hit...","service":"identity-service","timestamp":"2025-10-08T11:48:42.592Z"}
{"level":"info","message":"Post service running on port 3002","service":"identity-service","timestamp":"2025-10-08T11:49:34.810Z"}
{"level":"info","message":"Connected to mongoDB","service":"identity-service","timestamp":"2025-10-08T11:49:36.900Z"}
{"level":"info","message":"Received GET requested to /api/posts/All-posts","service":"identity-service","timestamp":"2025-10-08T11:50:13.325Z"}
{"level":"info","message":"Request body, [object Object]","service":"identity-service","timestamp":"2025-10-08T11:50:13.326Z"}
{"level":"info","message":"Get all post endpoint hit...","service":"identity-service","timestamp":"2025-10-08T11:50:13.329Z"}
{"level":"info","message":"Post service running on port 3002","service":"identity-service","timestamp":"2025-10-08T11:51:18.263Z"}
{"level":"info","message":"Received GET requested to /api/posts/All-posts","service":"identity-service","timestamp":"2025-10-08T11:51:19.084Z"}
{"level":"info","message":"Request body, [object Object]","service":"identity-service","timestamp":"2025-10-08T11:51:19.085Z"}
{"level":"info","message":"Get all post endpoint hit...","service":"identity-service","timestamp":"2025-10-08T11:51:19.089Z"}
{"level":"info","message":"Connected to mongoDB","service":"identity-service","timestamp":"2025-10-08T11:51:21.369Z"}
{"level":"info","message":"Received GET requested to /api/posts/All-posts","service":"identity-service","timestamp":"2025-10-08T11:51:41.319Z"}
{"level":"info","message":"Request body, [object Object]","service":"identity-service","timestamp":"2025-10-08T11:51:41.320Z"}
{"level":"info","message":"Get all post endpoint hit...","service":"identity-service","timestamp":"2025-10-08T11:51:41.321Z"}
{"level":"info","message":"Received GET requested to /api/posts/All-posts","service":"identity-service","timestamp":"2025-10-08T11:51:43.343Z"}
{"level":"info","message":"Request body, [object Object]","service":"identity-service","timestamp":"2025-10-08T11:51:43.344Z"}
{"level":"info","message":"Get all post endpoint hit...","service":"identity-service","timestamp":"2025-10-08T11:51:43.346Z"}
{"level":"info","message":"Received GET requested to /api/posts/All-posts","service":"identity-service","timestamp":"2025-10-08T11:51:45.038Z"}
{"level":"info","message":"Request body, [object Object]","service":"identity-service","timestamp":"2025-10-08T11:51:45.039Z"}
{"level":"info","message":"Get all post endpoint hit...","service":"identity-service","timestamp":"2025-10-08T11:51:45.041Z"}
{"level":"info","message":"Post service running on port 3002","service":"identity-service","timestamp":"2025-10-08T12:29:06.294Z"}
{"level":"info","message":"Connected to mongoDB","service":"identity-service","timestamp":"2025-10-08T12:29:07.792Z"}
{"level":"info","message":"Post service running on port 3002","service":"identity-service","timestamp":"2025-10-08T12:29:17.331Z"}
{"level":"info","message":"Connected to mongoDB","service":"identity-service","timestamp":"2025-10-08T12:29:18.177Z"}
{"level":"info","message":"Post service running on port 3002","service":"identity-service","timestamp":"2025-10-08T12:29:22.481Z"}
{"level":"info","message":"Connected to mongoDB","service":"identity-service","timestamp":"2025-10-08T12:29:23.401Z"}
{"level":"info","message":"Post service running on port 3002","service":"identity-service","timestamp":"2025-10-08T12:29:27.964Z"}
{"level":"info","message":"Connected to mongoDB","service":"identity-service","timestamp":"2025-10-08T12:29:28.739Z"}
{"level":"info","message":"Post service running on port 3002","service":"identity-service","timestamp":"2025-10-08T12:34:27.905Z"}
{"level":"info","message":"Connected to mongoDB","service":"identity-service","timestamp":"2025-10-08T12:34:29.160Z"}
{"level":"info","message":"Post service running on port 3002","service":"identity-service","timestamp":"2025-10-08T12:36:40.807Z"}
{"level":"info","message":"Connected to mongoDB","service":"identity-service","timestamp":"2025-10-08T12:36:42.800Z"}
{"level":"info","message":"Post service running on port 3002","service":"identity-service","timestamp":"2025-10-08T12:38:41.003Z"}
{"level":"info","message":"Connected to mongoDB","service":"identity-service","timestamp":"2025-10-08T12:38:43.207Z"}
{"level":"info","message":"Post service running on port 3002","service":"identity-service","timestamp":"2025-10-08T12:39:43.202Z"}
{"level":"info","message":"Connected to mongoDB","service":"identity-service","timestamp":"2025-10-08T12:39:44.295Z"}
{"level":"info","message":"Received GET requested to /api/posts/get-post","service":"identity-service","timestamp":"2025-10-08T12:40:34.608Z"}
{"level":"info","message":"Request body, [object Object]","service":"identity-service","timestamp":"2025-10-08T12:40:34.611Z"}
{"level":"info","message":"Get a post endpoint hit...","service":"identity-service","timestamp":"2025-10-08T12:40:34.613Z"}
{"level":"info","message":"Post service running on port 3002","service":"identity-service","timestamp":"2025-10-08T12:41:36.552Z"}
{"level":"info","message":"Connected to mongoDB","service":"identity-service","timestamp":"2025-10-08T12:41:37.993Z"}
{"level":"info","message":"Received POST requested to /api/posts/create-post","service":"identity-service","timestamp":"2025-10-08T12:42:25.832Z"}
{"level":"info","message":"Request body, [object Object]","service":"identity-service","timestamp":"2025-10-08T12:42:25.833Z"}
{"level":"info","message":"Create post endpoint hit","service":"identity-service","timestamp":"2025-10-08T12:42:25.837Z"}
{"$__":{"$versionError":null,"activePaths":{"paths":{"content":"require","user":"require"},"states":{"default":{},"modify":{},"require":{"content":true,"user":true}}},"backup":{"activePaths":{"default":{"_id":true,"createdAt":true},"modify":{"content":true,"mediaIds":true,"updatedAt":true,"user":true}},"validationError":null},"cachedRequired":{},"inserting":true,"op":null,"pathsToScopes":{"mediaIds":{"__v":0,"_id":"68e65c31de9dd35567e70325","content":"hii my name is zinedine jude ","createdAt":"2025-10-08T12:42:25.855Z","mediaIds":[],"updatedAt":"2025-10-08T12:42:25.855Z","user":"68e3a8b468c54e8830317415"}},"saveOptions":null,"savedState":{},"saving":null,"validating":null},"$isNew":false,"_doc":{"__v":0,"_id":"68e65c31de9dd35567e70325","content":"hii my name is zinedine jude ","createdAt":"2025-10-08T12:42:25.855Z","mediaIds":[],"updatedAt":"2025-10-08T12:42:25.855Z","user":"68e3a8b468c54e8830317415"},"level":"info","message":"Post created successfully","service":"identity-service","timestamp":"2025-10-08T12:42:25.972Z"}
{"level":"info","message":"Received GET requested to /api/posts/All-posts","service":"identity-service","timestamp":"2025-10-08T12:43:12.394Z"}
{"level":"info","message":"Request body, [object Object]","service":"identity-service","timestamp":"2025-10-08T12:43:12.395Z"}
{"level":"info","message":"Get all post endpoint hit...","service":"identity-service","timestamp":"2025-10-08T12:43:12.397Z"}
{"level":"info","message":"Received GET requested to /api/posts/68e65c31de9dd35567e70325","service":"identity-service","timestamp":"2025-10-08T12:43:45.979Z"}
{"level":"info","message":"Request body, [object Object]","service":"identity-service","timestamp":"2025-10-08T12:43:45.980Z"}
{"level":"info","message":"Get a post endpoint hit...","service":"identity-service","timestamp":"2025-10-08T12:43:45.983Z"}
{"level":"info","message":"Post service running on port 3002","service":"identity-service","timestamp":"2025-10-08T12:45:05.442Z"}
{"level":"info","message":"Connected to mongoDB","service":"identity-service","timestamp":"2025-10-08T12:45:07.068Z"}
{"level":"info","message":"Post service running on port 3002","service":"identity-service","timestamp":"2025-10-08T12:45:12.695Z"}
{"level":"info","message":"Connected to mongoDB","service":"identity-service","timestamp":"2025-10-08T12:45:13.609Z"}
{"level":"info","message":"Received GET requested to /api/posts/68e65c31de9dd35567e70325","service":"identity-service","timestamp":"2025-10-08T12:45:13.782Z"}
{"level":"info","message":"Request body, [object Object]","service":"identity-service","timestamp":"2025-10-08T12:45:13.783Z"}
{"level":"info","message":"Get a post endpoint hit...","service":"identity-service","timestamp":"2025-10-08T12:45:13.786Z"}
{"level":"info","message":"Post service running on port 3002","service":"identity-service","timestamp":"2025-10-08T12:46:52.742Z"}
{"level":"info","message":"Received GET requested to /api/posts/68e65c31de9dd35567e70325","service":"identity-service","timestamp":"2025-10-08T12:46:52.936Z"}
{"level":"info","message":"Request body, [object Object]","service":"identity-service","timestamp":"2025-10-08T12:46:52.937Z"}
{"level":"info","message":"Get a post endpoint hit...","service":"identity-service","timestamp":"2025-10-08T12:46:52.941Z"}
{"level":"info","message":"Connected to mongoDB","service":"identity-service","timestamp":"2025-10-08T12:46:54.695Z"}
{"level":"info","message":"Post service running on port 3002","service":"identity-service","timestamp":"2025-10-08T12:47:23.030Z"}
{"level":"info","message":"Received GET requested to /api/posts/68e65c31de9dd35567e70325","service":"identity-service","timestamp":"2025-10-08T12:47:23.252Z"}
{"level":"info","message":"Request body, [object Object]","service":"identity-service","timestamp":"2025-10-08T12:47:23.254Z"}
{"level":"info","message":"Get a post endpoint hit...","service":"identity-service","timestamp":"2025-10-08T12:47:23.256Z"}
{"level":"info","message":"Connected to mongoDB","service":"identity-service","timestamp":"2025-10-08T12:47:23.973Z"}
{"level":"info","message":"Post service running on port 3002","service":"identity-service","timestamp":"2025-10-08T12:49:17.993Z"}
{"level":"info","message":"Connected to mongoDB","service":"identity-service","timestamp":"2025-10-08T12:49:19.705Z"}
{"level":"info","message":"Post service running on port 3002","service":"identity-service","timestamp":"2025-10-08T12:49:51.326Z"}
{"level":"info","message":"Connected to mongoDB","service":"identity-service","timestamp":"2025-10-08T12:49:52.304Z"}
{"level":"info","message":"Post service running on port 3002","service":"identity-service","timestamp":"2025-10-08T12:50:07.891Z"}
{"level":"info","message":"Connected to mongoDB","service":"identity-service","timestamp":"2025-10-08T12:50:08.805Z"}
{"level":"info","message":"Post service running on port 3002","service":"identity-service","timestamp":"2025-10-08T12:50:27.205Z"}
{"level":"info","message":"Post service running on port 3002","service":"identity-service","timestamp":"2025-10-08T12:50:30.706Z"}
{"level":"info","message":"Connected to mongoDB","service":"identity-service","timestamp":"2025-10-08T12:50:31.689Z"}
{"level":"info","message":"Received POST requested to /api/posts/create-post","service":"identity-service","timestamp":"2025-10-08T12:53:14.961Z"}
{"level":"info","message":"Request body, [object Object]","service":"identity-service","timestamp":"2025-10-08T12:53:14.963Z"}
{"level":"info","message":"Create post endpoint hit","service":"identity-service","timestamp":"2025-10-08T12:53:14.965Z"}
{"$__":{"$versionError":null,"activePaths":{"paths":{"content":"require","user":"require"},"states":{"default":{},"modify":{},"require":{"content":true,"user":true}}},"backup":{"activePaths":{"default":{"_id":true,"createdAt":true},"modify":{"content":true,"mediaIds":true,"updatedAt":true,"user":true}},"validationError":null},"cachedRequired":{},"inserting":true,"op":null,"pathsToScopes":{"mediaIds":{"__v":0,"_id":"68e65eba0d75c9559a8f0add","content":"hii this post is going to delete soon ","createdAt":"2025-10-08T12:53:14.987Z","mediaIds":[],"updatedAt":"2025-10-08T12:53:14.987Z","user":"68e3a8b468c54e8830317415"}},"saveOptions":null,"savedState":{},"saving":null,"validating":null},"$isNew":false,"_doc":{"__v":0,"_id":"68e65eba0d75c9559a8f0add","content":"hii this post is going to delete soon ","createdAt":"2025-10-08T12:53:14.987Z","mediaIds":[],"updatedAt":"2025-10-08T12:53:14.987Z","user":"68e3a8b468c54e8830317415"},"level":"info","message":"Post created successfully","service":"identity-service","timestamp":"2025-10-08T12:53:15.094Z"}
{"level":"info","message":"Post service running on port 3002","service":"identity-service","timestamp":"2025-10-08T12:54:01.083Z"}
{"level":"info","message":"Connected to mongoDB","service":"identity-service","timestamp":"2025-10-08T12:54:02.929Z"}
{"level":"info","message":"Received GET requested to /api/posts/68e65eba0d75c9559a8f0add","service":"identity-service","timestamp":"2025-10-08T12:55:04.388Z"}
{"level":"info","message":"Request body, [object Object]","service":"identity-service","timestamp":"2025-10-08T12:55:04.389Z"}
{"level":"info","message":"Get a post endpoint hit...","service":"identity-service","timestamp":"2025-10-08T12:55:04.391Z"}
{"level":"info","message":"Received DELETE requested to /api/posts/68e65eba0d75c9559a8f0add","service":"identity-service","timestamp":"2025-10-08T12:55:15.512Z"}
{"level":"info","message":"Request body, [object Object]","service":"identity-service","timestamp":"2025-10-08T12:55:15.513Z"}
{"level":"info","message":" Post delete endpoint hit...","service":"identity-service","timestamp":"2025-10-08T12:55:15.515Z"}
{"level":"info","message":"Received GET requested to /api/posts/All-posts","service":"identity-service","timestamp":"2025-10-08T12:55:27.906Z"}
{"level":"info","message":"Request body, [object Object]","service":"identity-service","timestamp":"2025-10-08T12:55:27.907Z"}
{"level":"info","message":"Get all post endpoint hit...","service":"identity-service","timestamp":"2025-10-08T12:55:27.908Z"}
{"level":"info","message":"Received GET requested to /api/posts/All-posts","service":"identity-service","timestamp":"2025-10-08T12:56:13.018Z"}
{"level":"info","message":"Request body, [object Object]","service":"identity-service","timestamp":"2025-10-08T12:56:13.019Z"}
{"level":"info","message":"Get all post endpoint hit...","service":"identity-service","timestamp":"2025-10-08T12:56:13.020Z"}
{"level":"info","message":"Received GET requested to /api/posts/All-posts","service":"identity-service","timestamp":"2025-10-08T12:56:15.160Z"}
{"level":"info","message":"Request body, [object Object]","service":"identity-service","timestamp":"2025-10-08T12:56:15.160Z"}
{"level":"info","message":"Get all post endpoint hit...","service":"identity-service","timestamp":"2025-10-08T12:56:15.161Z"}
{"level":"info","message":"Received GET requested to /api/posts/All-posts","service":"identity-service","timestamp":"2025-10-08T12:56:16.855Z"}
{"level":"info","message":"Request body, [object Object]","service":"identity-service","timestamp":"2025-10-08T12:56:16.856Z"}
{"level":"info","message":"Get all post endpoint hit...","service":"identity-service","timestamp":"2025-10-08T12:56:16.857Z"}
{"level":"info","message":"Post service running on port 3002","service":"identity-service","timestamp":"2025-10-10T07:26:00.435Z"}
{"level":"info","message":"Connected to mongoDB","service":"identity-service","timestamp":"2025-10-10T07:26:01.742Z"}
{"level":"info","message":"Post service running on port 3002","service":"identity-service","timestamp":"2025-10-10T11:33:53.338Z"}
{"level":"info","message":"Connected to mongoDB","service":"identity-service","timestamp":"2025-10-10T11:33:54.755Z"}
{"level":"info","message":"Received POST requested to /api/posts/create-post","service":"identity-service","timestamp":"2025-10-10T11:43:27.318Z"}
{"level":"info","message":"Request body, [object Object]","service":"identity-service","timestamp":"2025-10-10T11:43:27.325Z"}
{"level":"info","message":"Create post endpoint hit","service":"identity-service","timestamp":"2025-10-10T11:43:27.329Z"}
{"$__":{"$versionError":null,"activePaths":{"paths":{"content":"require","user":"require"},"states":{"default":{},"modify":{},"require":{"content":true,"user":true}}},"backup":{"activePaths":{"default":{"_id":true,"createdAt":true},"modify":{"content":true,"mediaIds":true,"updatedAt":true,"user":true}},"validationError":null},"cachedRequired":{},"inserting":true,"op":null,"pathsToScopes":{"mediaIds":{"__v":0,"_id":"68e8f15fa527fa83ea5740e2","content":"This is my first post","createdAt":"2025-10-10T11:43:27.391Z","mediaIds":[],"updatedAt":"2025-10-10T11:43:27.391Z","user":"68e8f0efa9d854cab37ae313"}},"saveOptions":null,"savedState":{},"saving":null,"validating":null},"$isNew":false,"_doc":{"__v":0,"_id":"68e8f15fa527fa83ea5740e2","content":"This is my first post","createdAt":"2025-10-10T11:43:27.391Z","mediaIds":[],"updatedAt":"2025-10-10T11:43:27.391Z","user":"68e8f0efa9d854cab37ae313"},"level":"info","message":"Post created successfully","service":"identity-service","timestamp":"2025-10-10T11:43:27.527Z"}
{"level":"info","message":"Received GET requested to /api/posts/all-posts","service":"identity-service","timestamp":"2025-10-10T11:44:11.160Z"}
{"level":"info","message":"Request body, [object Object]","service":"identity-service","timestamp":"2025-10-10T11:44:11.162Z"}
{"level":"info","message":"Get all post endpoint hit...","service":"identity-service","timestamp":"2025-10-10T11:44:11.164Z"}
{"level":"info","message":"Received GET requested to /api/posts/68e8f15fa527fa83ea5740e2","service":"identity-service","timestamp":"2025-10-10T11:45:28.330Z"}
{"level":"info","message":"Request body, [object Object]","service":"identity-service","timestamp":"2025-10-10T11:45:28.331Z"}
{"level":"info","message":"Get a post endpoint hit...","service":"identity-service","timestamp":"2025-10-10T11:45:28.335Z"}
{"level":"info","message":"Received DELETE requested to /api/posts/68e8f15fa527fa83ea5740e2","service":"identity-service","timestamp":"2025-10-10T11:45:53.615Z"}
{"level":"info","message":"Request body, [object Object]","service":"identity-service","timestamp":"2025-10-10T11:45:53.616Z"}
{"level":"info","message":" Post delete endpoint hit...","service":"identity-service","timestamp":"2025-10-10T11:45:53.619Z"}
{"level":"info","message":"Received GET requested to /api/posts/all-posts","service":"identity-service","timestamp":"2025-10-10T11:59:11.328Z"}
{"level":"info","message":"Request body, [object Object]","service":"identity-service","timestamp":"2025-10-10T11:59:11.345Z"}
{"level":"info","message":"Get all post endpoint hit...","service":"identity-service","timestamp":"2025-10-10T11:59:11.352Z"}
{"level":"info","message":"Received GET requested to /api/posts/68e8f4f84fea727ef6335bfe","service":"identity-service","timestamp":"2025-10-10T12:00:39.016Z"}
{"level":"info","message":"Request body, [object Object]","service":"identity-service","timestamp":"2025-10-10T12:00:39.019Z"}
{"level":"info","message":"Get a post endpoint hit...","service":"identity-service","timestamp":"2025-10-10T12:00:39.023Z"}
{"level":"info","message":"Received GET requested to /api/posts/b9qptbhrebqbtsur6v2w","service":"identity-service","timestamp":"2025-10-10T12:01:05.750Z"}
{"level":"info","message":"Request body, [object Object]","service":"identity-service","timestamp":"2025-10-10T12:01:05.751Z"}
{"level":"info","message":"Get a post endpoint hit...","service":"identity-service","timestamp":"2025-10-10T12:01:05.752Z"}
{"kind":"ObjectId","level":"error","message":"Error fetching post Cast to ObjectId failed for value \"b9qptbhrebqbtsur6v2w\" (type string) at path \"_id\" for model \"Post\"","path":"_id","reason":{},"service":"identity-service","stack":"CastError: Cast to ObjectId failed for value \"b9qptbhrebqbtsur6v2w\" (type string) at path \"_id\" for model \"Post\"\n    at SchemaObjectId.cast (C:\\Users\\Manish\\OneDrive\\Desktop\\SOCIAL-MEDIA-MICROSERVICES\\post-service\\node_modules\\mongoose\\lib\\schema\\objectId.js:251:11)\n    at SchemaType.applySetters (C:\\Users\\Manish\\OneDrive\\Desktop\\SOCIAL-MEDIA-MICROSERVICES\\post-service\\node_modules\\mongoose\\lib\\schemaType.js:1259:12)\n    at SchemaType.castForQuery (C:\\Users\\Manish\\OneDrive\\Desktop\\SOCIAL-MEDIA-MICROSERVICES\\post-service\\node_modules\\mongoose\\lib\\schemaType.js:1695:17)\n    at cast (C:\\Users\\Manish\\OneDrive\\Desktop\\SOCIAL-MEDIA-MICROSERVICES\\post-service\\node_modules\\mongoose\\lib\\cast.js:390:32)\n    at Query.cast (C:\\Users\\Manish\\OneDrive\\Desktop\\SOCIAL-MEDIA-MICROSERVICES\\post-service\\node_modules\\mongoose\\lib\\query.js:5060:12)\n    at Query._castConditions (C:\\Users\\Manish\\OneDrive\\Desktop\\SOCIAL-MEDIA-MICROSERVICES\\post-service\\node_modules\\mongoose\\lib\\query.js:2374:10)\n    at model.Query._findOne (C:\\Users\\Manish\\OneDrive\\Desktop\\SOCIAL-MEDIA-MICROSERVICES\\post-service\\node_modules\\mongoose\\lib\\query.js:2697:8)\n    at model.Query.exec (C:\\Users\\Manish\\OneDrive\\Desktop\\SOCIAL-MEDIA-MICROSERVICES\\post-service\\node_modules\\mongoose\\lib\\query.js:4627:80)\n    at process.processTicksAndRejections (node:internal/process/task_queues:95:5)\n    at async getSinglePost (C:\\Users\\Manish\\OneDrive\\Desktop\\SOCIAL-MEDIA-MICROSERVICES\\post-service\\src\\controllers\\post-Controller.js:113:35)","stringValue":"\"b9qptbhrebqbtsur6v2w\"","timestamp":"2025-10-10T12:01:05.830Z","value":"b9qptbhrebqbtsur6v2w","valueType":"string"}
{"level":"info","message":"Received POST requested to /api/posts/create-post","service":"identity-service","timestamp":"2025-10-10T12:04:12.455Z"}
{"level":"info","message":"Request body, [object Object]","service":"identity-service","timestamp":"2025-10-10T12:04:12.456Z"}
{"level":"info","message":"Create post endpoint hit","service":"identity-service","timestamp":"2025-10-10T12:04:12.457Z"}
{"0":"\"","1":"m","10":" ","11":"i","12":"s","13":" ","14":"n","15":"o","16":"t","17":" ","18":"a","19":"l","2":"e","20":"l","21":"o","22":"w","23":"e","24":"d","3":"d","4":"i","5":"a","6":"I","7":"d","8":"s","9":"\"","level":"warn","message":"Validation error","service":"identity-service","timestamp":"2025-10-10T12:04:12.474Z"}
{"level":"info","message":"Received POST requested to /api/posts/create-post","service":"identity-service","timestamp":"2025-10-10T12:07:16.705Z"}
{"level":"info","message":"Request body, [object Object]","service":"identity-service","timestamp":"2025-10-10T12:07:16.706Z"}
{"level":"info","message":"Create post endpoint hit","service":"identity-service","timestamp":"2025-10-10T12:07:16.707Z"}
{"0":"\"","1":"m","10":" ","11":"i","12":"s","13":" ","14":"n","15":"o","16":"t","17":" ","18":"a","19":"l","2":"e","20":"l","21":"o","22":"w","23":"e","24":"d","3":"d","4":"i","5":"a","6":"I","7":"d","8":"s","9":"\"","level":"warn","message":"Validation error","service":"identity-service","timestamp":"2025-10-10T12:07:16.709Z"}
{"level":"info","message":"Received POST requested to /api/posts/create-post","service":"identity-service","timestamp":"2025-10-10T12:11:28.255Z"}
{"level":"info","message":"Request body, [object Object]","service":"identity-service","timestamp":"2025-10-10T12:11:28.257Z"}
{"level":"info","message":"Create post endpoint hit","service":"identity-service","timestamp":"2025-10-10T12:11:28.258Z"}
{"0":"\"","1":"m","10":" ","11":"i","12":"s","13":" ","14":"n","15":"o","16":"t","17":" ","18":"a","19":"l","2":"e","20":"l","21":"o","22":"w","23":"e","24":"d","3":"d","4":"i","5":"a","6":"I","7":"d","8":"s","9":"\"","level":"warn","message":"Validation error","service":"identity-service","timestamp":"2025-10-10T12:11:28.261Z"}
{"level":"info","message":"Post service running on port 3002","service":"identity-service","timestamp":"2025-10-11T05:24:35.244Z"}
{"level":"info","message":"Connected to mongoDB","service":"identity-service","timestamp":"2025-10-11T05:24:37.826Z"}
{"level":"info","message":"Received POST requested to /api/posts/create-post","service":"identity-service","timestamp":"2025-10-11T05:26:22.756Z"}
{"level":"info","message":"Request body, [object Object]","service":"identity-service","timestamp":"2025-10-11T05:26:22.759Z"}
{"level":"info","message":"Create post endpoint hit","service":"identity-service","timestamp":"2025-10-11T05:26:22.761Z"}
{"$__":{"$versionError":null,"activePaths":{"paths":{"content":"require","user":"require"},"states":{"default":{},"modify":{},"require":{"content":true,"user":true}}},"backup":{"activePaths":{"default":{"_id":true,"createdAt":true},"modify":{"content":true,"mediaIds":true,"updatedAt":true,"user":true}},"validationError":null},"cachedRequired":{},"inserting":true,"op":null,"pathsToScopes":{"mediaIds":{"__v":0,"_id":"68e9ea7e692cc22fdfcc6b0d","content":"This is my first post","createdAt":"2025-10-11T05:26:22.778Z","mediaIds":["68e8f4f84fea727ef6335bfe"],"updatedAt":"2025-10-11T05:26:22.778Z","user":"68e8f0efa9d854cab37ae313"}},"saveOptions":null,"savedState":{},"saving":null,"validating":null},"$isNew":false,"_doc":{"__v":0,"_id":"68e9ea7e692cc22fdfcc6b0d","content":"This is my first post","createdAt":"2025-10-11T05:26:22.778Z","mediaIds":["68e8f4f84fea727ef6335bfe"],"updatedAt":"2025-10-11T05:26:22.778Z","user":"68e8f0efa9d854cab37ae313"},"level":"info","message":"Post created successfully","service":"identity-service","timestamp":"2025-10-11T05:26:23.325Z"}
{"level":"info","message":"Received GET requested to /api/posts/all-posts","service":"identity-service","timestamp":"2025-10-11T05:26:36.101Z"}
{"level":"info","message":"Request body, [object Object]","service":"identity-service","timestamp":"2025-10-11T05:26:36.102Z"}
{"level":"info","message":"Get all post endpoint hit...","service":"identity-service","timestamp":"2025-10-11T05:26:36.104Z"}
{"level":"info","message":"Post service running on port 3002","service":"identity-service","timestamp":"2025-10-11T05:52:42.889Z"}
{"level":"info","message":"Connected to mongoDB","service":"identity-service","timestamp":"2025-10-11T05:52:44.130Z"}
{"level":"info","message":"Post service running on port 3002","service":"identity-service","timestamp":"2025-10-11T05:54:01.064Z"}
{"level":"info","message":"Connected to mongoDB","service":"identity-service","timestamp":"2025-10-11T05:54:03.221Z"}
{"level":"info","message":"Post service running on port 3002","service":"identity-service","timestamp":"2025-10-11T05:55:42.721Z"}
{"level":"info","message":"Connected to mongoDB","service":"identity-service","timestamp":"2025-10-11T05:55:45.321Z"}
{"level":"info","message":"Post service running on port 3002","service":"identity-service","timestamp":"2025-10-11T05:57:06.505Z"}
{"level":"info","message":"Connected to mongoDB","service":"identity-service","timestamp":"2025-10-11T05:57:08.264Z"}
{"level":"info","message":"Post service running on port 3002","service":"identity-service","timestamp":"2025-10-11T05:57:58.467Z"}
{"level":"info","message":"Connected to mongoDB","service":"identity-service","timestamp":"2025-10-11T05:58:02.246Z"}
{"level":"info","message":"Post service running on port 3002","service":"identity-service","timestamp":"2025-10-11T05:58:40.966Z"}
{"level":"info","message":"Connected to mongoDB","service":"identity-service","timestamp":"2025-10-11T05:58:43.458Z"}
{"level":"info","message":"Post service running on port 3002","service":"identity-service","timestamp":"2025-10-11T05:59:17.778Z"}
{"level":"info","message":"Connected to mongoDB","service":"identity-service","timestamp":"2025-10-11T05:59:19.715Z"}
{"level":"info","message":"Post service running on port 3002","service":"identity-service","timestamp":"2025-10-11T05:59:27.532Z"}
{"level":"info","message":"Connected to mongoDB","service":"identity-service","timestamp":"2025-10-11T05:59:29.002Z"}
{"level":"info","message":"Post service running on port 3002","service":"identity-service","timestamp":"2025-10-11T05:59:51.896Z"}
{"level":"info","message":"Connected to mongoDB","service":"identity-service","timestamp":"2025-10-11T05:59:53.265Z"}
{"level":"info","message":"Post service running on port 3002","service":"identity-service","timestamp":"2025-10-11T06:00:15.747Z"}
{"level":"info","message":"Connected to mongoDB","service":"identity-service","timestamp":"2025-10-11T06:00:17.803Z"}
{"level":"info","message":"Post service running on port 3002","service":"identity-service","timestamp":"2025-10-11T06:00:34.800Z"}
{"level":"info","message":"Connected to mongoDB","service":"identity-service","timestamp":"2025-10-11T06:00:37.089Z"}
{"level":"info","message":"Post service running on port 3002","service":"identity-service","timestamp":"2025-10-11T06:01:26.575Z"}
{"level":"info","message":"Connected to mongoDB","service":"identity-service","timestamp":"2025-10-11T06:01:31.370Z"}
{"level":"info","message":"Post service running on port 3002","service":"identity-service","timestamp":"2025-10-11T06:02:01.956Z"}
{"level":"info","message":"Connected to mongoDB","service":"identity-service","timestamp":"2025-10-11T06:02:04.956Z"}
{"level":"info","message":"Post service running on port 3002","service":"identity-service","timestamp":"2025-10-11T06:02:14.457Z"}
{"level":"info","message":"Connected to mongoDB","service":"identity-service","timestamp":"2025-10-11T06:02:16.651Z"}
{"level":"info","message":"Connected to mongoDB","service":"identity-service","timestamp":"2025-10-11T06:04:30.484Z"}
{"level":"error","message":"Error connecting to rabbit mq Expected amqp: or amqps: as the protocol; got ampq:","service":"identity-service","stack":"Error: Expected amqp: or amqps: as the protocol; got ampq:\n    at connect (C:\\Users\\Manish\\OneDrive\\Desktop\\SOCIAL-MEDIA-MICROSERVICES\\post-service\\node_modules\\amqplib\\lib\\connect.js:172:11)\n    at C:\\Users\\Manish\\OneDrive\\Desktop\\SOCIAL-MEDIA-MICROSERVICES\\post-service\\node_modules\\amqplib\\channel_api.js:7:12\n    at node:internal/util:442:7\n    at new Promise (<anonymous>)\n    at node:internal/util:428:12\n    at Object.connect (C:\\Users\\Manish\\OneDrive\\Desktop\\SOCIAL-MEDIA-MICROSERVICES\\post-service\\node_modules\\amqplib\\channel_api.js:8:5)\n    at connectRabbitMQ (C:\\Users\\Manish\\OneDrive\\Desktop\\SOCIAL-MEDIA-MICROSERVICES\\post-service\\src\\utils\\rabbitmq.js:11:33)\n    at startServer (C:\\Users\\Manish\\OneDrive\\Desktop\\SOCIAL-MEDIA-MICROSERVICES\\post-service\\src\\server.js:124:11)\n    at Object.<anonymous> (C:\\Users\\Manish\\OneDrive\\Desktop\\SOCIAL-MEDIA-MICROSERVICES\\post-service\\src\\server.js:133:1)\n    at Module._compile (node:internal/modules/cjs/loader:1376:14)","timestamp":"2025-10-11T06:04:44.795Z"}
{"level":"info","message":"Post service running on port 3002","service":"identity-service","timestamp":"2025-10-11T06:04:44.808Z"}
{"level":"info","message":"Connected to mongoDB","service":"identity-service","timestamp":"2025-10-11T06:04:45.971Z"}
{"level":"error","message":"Error connecting to rabbit mq Expected amqp: or amqps: as the protocol; got ampq:","service":"identity-service","stack":"Error: Expected amqp: or amqps: as the protocol; got ampq:\n    at connect (C:\\Users\\Manish\\OneDrive\\Desktop\\SOCIAL-MEDIA-MICROSERVICES\\post-service\\node_modules\\amqplib\\lib\\connect.js:172:11)\n    at C:\\Users\\Manish\\OneDrive\\Desktop\\SOCIAL-MEDIA-MICROSERVICES\\post-service\\node_modules\\amqplib\\channel_api.js:7:12\n    at node:internal/util:442:7\n    at new Promise (<anonymous>)\n    at node:internal/util:428:12\n    at Object.connect (C:\\Users\\Manish\\OneDrive\\Desktop\\SOCIAL-MEDIA-MICROSERVICES\\post-service\\node_modules\\amqplib\\channel_api.js:8:5)\n    at connectRabbitMQ (C:\\Users\\Manish\\OneDrive\\Desktop\\SOCIAL-MEDIA-MICROSERVICES\\post-service\\src\\utils\\rabbitmq.js:11:33)\n    at startServer (C:\\Users\\Manish\\OneDrive\\Desktop\\SOCIAL-MEDIA-MICROSERVICES\\post-service\\src\\server.js:124:11)\n    at Object.<anonymous> (C:\\Users\\Manish\\OneDrive\\Desktop\\SOCIAL-MEDIA-MICROSERVICES\\post-service\\src\\server.js:133:1)\n    at Module._compile (node:internal/modules/cjs/loader:1376:14)","timestamp":"2025-10-11T06:05:07.360Z"}
{"level":"info","message":"Post service running on port 3002","service":"identity-service","timestamp":"2025-10-11T06:05:07.369Z"}
{"level":"info","message":"Connected to mongoDB","service":"identity-service","timestamp":"2025-10-11T06:05:09.228Z"}
{"level":"error","message":"Error connecting to rabbit mq Expected amqp: or amqps: as the protocol; got ampq:","service":"identity-service","stack":"Error: Expected amqp: or amqps: as the protocol; got ampq:\n    at connect (C:\\Users\\Manish\\OneDrive\\Desktop\\SOCIAL-MEDIA-MICROSERVICES\\post-service\\node_modules\\amqplib\\lib\\connect.js:172:11)\n    at C:\\Users\\Manish\\OneDrive\\Desktop\\SOCIAL-MEDIA-MICROSERVICES\\post-service\\node_modules\\amqplib\\channel_api.js:7:12\n    at node:internal/util:442:7\n    at new Promise (<anonymous>)\n    at node:internal/util:428:12\n    at Object.connect (C:\\Users\\Manish\\OneDrive\\Desktop\\SOCIAL-MEDIA-MICROSERVICES\\post-service\\node_modules\\amqplib\\channel_api.js:8:5)\n    at connectRabbitMQ (C:\\Users\\Manish\\OneDrive\\Desktop\\SOCIAL-MEDIA-MICROSERVICES\\post-service\\src\\utils\\rabbitmq.js:11:33)\n    at startServer (C:\\Users\\Manish\\OneDrive\\Desktop\\SOCIAL-MEDIA-MICROSERVICES\\post-service\\src\\server.js:125:11)\n    at Object.<anonymous> (C:\\Users\\Manish\\OneDrive\\Desktop\\SOCIAL-MEDIA-MICROSERVICES\\post-service\\src\\server.js:134:1)\n    at Module._compile (node:internal/modules/cjs/loader:1376:14)","timestamp":"2025-10-11T06:06:32.797Z"}
{"level":"error","message":"Error connecting to rabbit mq Expected amqp: or amqps: as the protocol; got ampq:","service":"identity-service","stack":"Error: Expected amqp: or amqps: as the protocol; got ampq:\n    at connect (C:\\Users\\Manish\\OneDrive\\Desktop\\SOCIAL-MEDIA-MICROSERVICES\\post-service\\node_modules\\amqplib\\lib\\connect.js:172:11)\n    at C:\\Users\\Manish\\OneDrive\\Desktop\\SOCIAL-MEDIA-MICROSERVICES\\post-service\\node_modules\\amqplib\\channel_api.js:7:12\n    at node:internal/util:442:7\n    at new Promise (<anonymous>)\n    at node:internal/util:428:12\n    at Object.connect (C:\\Users\\Manish\\OneDrive\\Desktop\\SOCIAL-MEDIA-MICROSERVICES\\post-service\\node_modules\\amqplib\\channel_api.js:8:5)\n    at connectRabbitMQ (C:\\Users\\Manish\\OneDrive\\Desktop\\SOCIAL-MEDIA-MICROSERVICES\\post-service\\src\\utils\\rabbitmq.js:11:33)\n    at startServer (C:\\Users\\Manish\\OneDrive\\Desktop\\SOCIAL-MEDIA-MICROSERVICES\\post-service\\src\\server.js:125:11)\n    at Object.<anonymous> (C:\\Users\\Manish\\OneDrive\\Desktop\\SOCIAL-MEDIA-MICROSERVICES\\post-service\\src\\server.js:134:1)\n    at Module._compile (node:internal/modules/cjs/loader:1376:14)","timestamp":"2025-10-11T06:06:32.807Z"}
{"level":"info","message":"Post service running on port 3002","service":"identity-service","timestamp":"2025-10-11T06:06:32.820Z"}
{"level":"info","message":"Post service running on port 3002","service":"identity-service","timestamp":"2025-10-11T06:06:32.807Z"}
{"level":"info","message":"Connected to mongoDB","service":"identity-service","timestamp":"2025-10-11T06:06:40.019Z"}
{"level":"info","message":"Connected to mongoDB","service":"identity-service","timestamp":"2025-10-11T06:06:40.251Z"}
{"level":"error","message":"Error connecting to rabbit mq Expected amqp: or amqps: as the protocol; got ampq:","service":"identity-service","stack":"Error: Expected amqp: or amqps: as the protocol; got ampq:\n    at connect (C:\\Users\\Manish\\OneDrive\\Desktop\\SOCIAL-MEDIA-MICROSERVICES\\post-service\\node_modules\\amqplib\\lib\\connect.js:172:11)\n    at C:\\Users\\Manish\\OneDrive\\Desktop\\SOCIAL-MEDIA-MICROSERVICES\\post-service\\node_modules\\amqplib\\channel_api.js:7:12\n    at node:internal/util:442:7\n    at new Promise (<anonymous>)\n    at node:internal/util:428:12\n    at Object.connect (C:\\Users\\Manish\\OneDrive\\Desktop\\SOCIAL-MEDIA-MICROSERVICES\\post-service\\node_modules\\amqplib\\channel_api.js:8:5)\n    at connectRabbitMQ (C:\\Users\\Manish\\OneDrive\\Desktop\\SOCIAL-MEDIA-MICROSERVICES\\post-service\\src\\utils\\rabbitmq.js:11:33)\n    at startServer (C:\\Users\\Manish\\OneDrive\\Desktop\\SOCIAL-MEDIA-MICROSERVICES\\post-service\\src\\server.js:125:11)\n    at Object.<anonymous> (C:\\Users\\Manish\\OneDrive\\Desktop\\SOCIAL-MEDIA-MICROSERVICES\\post-service\\src\\server.js:134:1)\n    at Module._compile (node:internal/modules/cjs/loader:1376:14)","timestamp":"2025-10-11T06:17:00.625Z"}
{"level":"info","message":"Post service running on port 3002","service":"identity-service","timestamp":"2025-10-11T06:17:00.635Z"}
{"level":"info","message":"Connected to mongoDB","service":"identity-service","timestamp":"2025-10-11T06:17:02.823Z"}
{"level":"info","message":"Connected to rabbit mq","service":"identity-service","timestamp":"2025-10-11T06:17:56.404Z"}
{"level":"info","message":"Post service running on port 3002","service":"identity-service","timestamp":"2025-10-11T06:17:56.412Z"}
{"level":"info","message":"Connected to mongoDB","service":"identity-service","timestamp":"2025-10-11T06:17:57.135Z"}
{"code":"ECONNREFUSED","level":"error","message":"Error connecting to rabbit mq","service":"identity-service","stack":"AggregateError\n    at internalConnectMultiple (node:net:1114:18)\n    at afterConnectMultiple (node:net:1667:5)","timestamp":"2025-10-11T11:29:23.181Z"}
{"level":"info","message":"Post service running on port 3002","service":"identity-service","timestamp":"2025-10-11T11:29:23.190Z"}
{"level":"info","message":"Connected to mongoDB","service":"identity-service","timestamp":"2025-10-11T11:29:26.697Z"}
{"level":"info","message":"Connected to rabbit mq","service":"identity-service","timestamp":"2025-10-11T11:48:07.908Z"}
{"level":"info","message":"Post service running on port 3002","service":"identity-service","timestamp":"2025-10-11T11:48:07.914Z"}
{"level":"info","message":"Connected to mongoDB","service":"identity-service","timestamp":"2025-10-11T11:48:10.004Z"}
{"level":"info","message":"Received GET requested to /api/posts/all-posts","service":"identity-service","timestamp":"2025-10-11T12:00:38.040Z"}
{"level":"info","message":"Request body, [object Object]","service":"identity-service","timestamp":"2025-10-11T12:00:38.041Z"}
{"level":"info","message":"Get all post endpoint hit...","service":"identity-service","timestamp":"2025-10-11T12:00:38.044Z"}
{"level":"info","message":"Received POST requested to /api/posts/create-post","service":"identity-service","timestamp":"2025-10-11T12:08:00.980Z"}
{"level":"info","message":"Request body, [object Object]","service":"identity-service","timestamp":"2025-10-11T12:08:00.981Z"}
{"level":"info","message":"Create post endpoint hit","service":"identity-service","timestamp":"2025-10-11T12:08:00.984Z"}
{"$__":{"$versionError":null,"activePaths":{"paths":{"content":"require","user":"require"},"states":{"default":{},"modify":{},"require":{"content":true,"user":true}}},"backup":{"activePaths":{"default":{"_id":true,"createdAt":true},"modify":{"content":true,"mediaIds":true,"updatedAt":true,"user":true}},"validationError":null},"cachedRequired":{},"inserting":true,"op":null,"pathsToScopes":{"mediaIds":{"__v":0,"_id":"68ea48a1fba9143af48d1ff0","content":"This is folder structure","createdAt":"2025-10-11T12:08:01.010Z","mediaIds":["68ea4859e07a063452798458"],"updatedAt":"2025-10-11T12:08:01.010Z","user":"68e8f0efa9d854cab37ae313"}},"saveOptions":null,"savedState":{},"saving":null,"validating":null},"$isNew":false,"_doc":{"__v":0,"_id":"68ea48a1fba9143af48d1ff0","content":"This is folder structure","createdAt":"2025-10-11T12:08:01.010Z","mediaIds":["68ea4859e07a063452798458"],"updatedAt":"2025-10-11T12:08:01.010Z","user":"68e8f0efa9d854cab37ae313"},"level":"info","message":"Post created successfully","service":"identity-service","timestamp":"2025-10-11T12:08:01.111Z"}
{"level":"info","message":"Received GET requested to /api/posts/all-posts","service":"identity-service","timestamp":"2025-10-11T12:08:13.578Z"}
{"level":"info","message":"Request body, [object Object]","service":"identity-service","timestamp":"2025-10-11T12:08:13.579Z"}
{"level":"info","message":"Get all post endpoint hit...","service":"identity-service","timestamp":"2025-10-11T12:08:13.580Z"}
{"level":"info","message":"Received DELETE requested to /api/posts/68ea48a1fba9143af48d1ff0","service":"identity-service","timestamp":"2025-10-11T12:10:04.895Z"}
{"level":"info","message":"Request body, [object Object]","service":"identity-service","timestamp":"2025-10-11T12:10:04.896Z"}
{"level":"info","message":" Post delete endpoint hit...","service":"identity-service","timestamp":"2025-10-11T12:10:04.900Z"}
{"level":"info","message":"Connected to rabbit mq","service":"identity-service","timestamp":"2025-10-11T13:29:11.425Z"}
{"level":"info","message":"Post service running on port 3002","service":"identity-service","timestamp":"2025-10-11T13:29:11.434Z"}
{"level":"info","message":"Connected to mongoDB","service":"identity-service","timestamp":"2025-10-11T13:29:12.403Z"}
{"level":"info","message":"Received POST requested to /api/posts/create-post","service":"identity-service","timestamp":"2025-10-11T13:31:53.306Z"}
{"level":"info","message":"Request body, [object Object]","service":"identity-service","timestamp":"2025-10-11T13:31:53.307Z"}
{"level":"info","message":"Create post endpoint hit","service":"identity-service","timestamp":"2025-10-11T13:31:53.309Z"}
{"$__":{"$versionError":null,"activePaths":{"paths":{"content":"require","user":"require"},"states":{"default":{},"modify":{},"require":{"content":true,"user":true}}},"backup":{"activePaths":{"default":{"_id":true,"createdAt":true},"modify":{"content":true,"mediaIds":true,"updatedAt":true,"user":true}},"validationError":null},"cachedRequired":{},"inserting":true,"op":null,"pathsToScopes":{"mediaIds":{"__v":0,"_id":"68ea5c4951bac0e5ec64b9cc","content":"This is folder structure","createdAt":"2025-10-11T13:31:53.329Z","mediaIds":["68e8f4f84fea727ef6335bfe"],"updatedAt":"2025-10-11T13:31:53.329Z","user":"68e8f0efa9d854cab37ae313"}},"saveOptions":null,"savedState":{},"saving":null,"validating":null},"$isNew":false,"_doc":{"__v":0,"_id":"68ea5c4951bac0e5ec64b9cc","content":"This is folder structure","createdAt":"2025-10-11T13:31:53.329Z","mediaIds":["68e8f4f84fea727ef6335bfe"],"updatedAt":"2025-10-11T13:31:53.329Z","user":"68e8f0efa9d854cab37ae313"},"level":"info","message":"Post created successfully","service":"identity-service","timestamp":"2025-10-11T13:31:53.483Z"}
{"level":"info","message":"Received DELETE requested to /api/posts/68ea5c4951bac0e5ec64b9cc","service":"identity-service","timestamp":"2025-10-11T13:32:54.962Z"}
{"level":"info","message":"Request body, [object Object]","service":"identity-service","timestamp":"2025-10-11T13:32:54.963Z"}
{"level":"info","message":" Post delete endpoint hit...","service":"identity-service","timestamp":"2025-10-11T13:32:54.967Z"}
{"level":"info","message":"Received POST requested to /api/posts/create-post","service":"identity-service","timestamp":"2025-10-11T13:39:35.046Z"}
{"level":"info","message":"Request body, [object Object]","service":"identity-service","timestamp":"2025-10-11T13:39:35.047Z"}
{"level":"info","message":"Create post endpoint hit","service":"identity-service","timestamp":"2025-10-11T13:39:35.048Z"}
{"$__":{"$versionError":null,"activePaths":{"paths":{"content":"require","user":"require"},"states":{"default":{},"modify":{},"require":{"content":true,"user":true}}},"backup":{"activePaths":{"default":{"_id":true,"createdAt":true},"modify":{"content":true,"mediaIds":true,"updatedAt":true,"user":true}},"validationError":null},"cachedRequired":{},"inserting":true,"op":null,"pathsToScopes":{"mediaIds":{"__v":0,"_id":"68ea5e1751bac0e5ec64b9cf","content":"Kundan From Raanjhanaaa","createdAt":"2025-10-11T13:39:35.050Z","mediaIds":["68ea5df76a555e93549fd5b3"],"updatedAt":"2025-10-11T13:39:35.050Z","user":"68e8f0efa9d854cab37ae313"}},"saveOptions":null,"savedState":{},"saving":null,"validating":null},"$isNew":false,"_doc":{"__v":0,"_id":"68ea5e1751bac0e5ec64b9cf","content":"Kundan From Raanjhanaaa","createdAt":"2025-10-11T13:39:35.050Z","mediaIds":["68ea5df76a555e93549fd5b3"],"updatedAt":"2025-10-11T13:39:35.050Z","user":"68e8f0efa9d854cab37ae313"},"level":"info","message":"Post created successfully","service":"identity-service","timestamp":"2025-10-11T13:39:35.180Z"}
{"level":"info","message":"Received GET requested to /api/posts/all-posts","service":"identity-service","timestamp":"2025-10-11T13:40:02.684Z"}
{"level":"info","message":"Request body, [object Object]","service":"identity-service","timestamp":"2025-10-11T13:40:02.685Z"}
{"level":"info","message":"Get all post endpoint hit...","service":"identity-service","timestamp":"2025-10-11T13:40:02.687Z"}
{"level":"info","message":"Received DELETE requested to /api/posts/68ea5e1751bac0e5ec64b9cf","service":"identity-service","timestamp":"2025-10-11T13:40:36.271Z"}
{"level":"info","message":"Request body, [object Object]","service":"identity-service","timestamp":"2025-10-11T13:40:36.271Z"}
{"level":"info","message":" Post delete endpoint hit...","service":"identity-service","timestamp":"2025-10-11T13:40:36.272Z"}
{"level":"info","message":"Received GET requested to /api/posts/all-posts","service":"identity-service","timestamp":"2025-10-11T13:56:07.951Z"}
{"level":"info","message":"Request body, [object Object]","service":"identity-service","timestamp":"2025-10-11T13:56:07.953Z"}
{"level":"info","message":"Get all post endpoint hit...","service":"identity-service","timestamp":"2025-10-11T13:56:07.955Z"}
{"level":"info","message":"Received POST requested to /api/posts/create-post","service":"identity-service","timestamp":"2025-10-11T13:58:14.699Z"}
{"level":"info","message":"Request body, [object Object]","service":"identity-service","timestamp":"2025-10-11T13:58:14.699Z"}
{"level":"info","message":"Create post endpoint hit","service":"identity-service","timestamp":"2025-10-11T13:58:14.700Z"}
{"$__":{"$versionError":null,"activePaths":{"paths":{"content":"require","user":"require"},"states":{"default":{},"modify":{},"require":{"content":true,"user":true}}},"backup":{"activePaths":{"default":{"_id":true,"createdAt":true},"modify":{"content":true,"mediaIds":true,"updatedAt":true,"user":true}},"validationError":null},"cachedRequired":{},"inserting":true,"op":null,"pathsToScopes":{"mediaIds":{"__v":0,"_id":"68ea627651bac0e5ec64b9d6","content":"Kundan From Raanjhanaaa","createdAt":"2025-10-11T13:58:14.710Z","mediaIds":["68ea6229b903f49a80c9a6f2"],"updatedAt":"2025-10-11T13:58:14.710Z","user":"68e8f0efa9d854cab37ae313"}},"saveOptions":null,"savedState":{},"saving":null,"validating":null},"$isNew":false,"_doc":{"__v":0,"_id":"68ea627651bac0e5ec64b9d6","content":"Kundan From Raanjhanaaa","createdAt":"2025-10-11T13:58:14.710Z","mediaIds":["68ea6229b903f49a80c9a6f2"],"updatedAt":"2025-10-11T13:58:14.710Z","user":"68e8f0efa9d854cab37ae313"},"level":"info","message":"Post created successfully","service":"identity-service","timestamp":"2025-10-11T13:58:14.846Z"}
{"level":"info","message":"Received DELETE requested to /api/posts/68ea627651bac0e5ec64b9d6","service":"identity-service","timestamp":"2025-10-11T14:01:47.637Z"}
{"level":"info","message":"Request body, [object Object]","service":"identity-service","timestamp":"2025-10-11T14:01:47.639Z"}
{"level":"info","message":" Post delete endpoint hit...","service":"identity-service","timestamp":"2025-10-11T14:01:47.640Z"}
{"level":"info","message":"Connected to rabbit mq","service":"identity-service","timestamp":"2025-10-12T11:10:16.789Z"}
{"level":"info","message":"Post service running on port 3002","service":"identity-service","timestamp":"2025-10-12T11:10:16.795Z"}
{"level":"info","message":"Connected to mongoDB","service":"identity-service","timestamp":"2025-10-12T11:10:17.653Z"}
{"level":"info","message":"Received POST requested to /api/posts/create-post","service":"identity-service","timestamp":"2025-10-12T11:11:50.099Z"}
{"level":"info","message":"Request body, [object Object]","service":"identity-service","timestamp":"2025-10-12T11:11:50.100Z"}
{"level":"info","message":"Create post endpoint hit","service":"identity-service","timestamp":"2025-10-12T11:11:50.102Z"}
{"$__":{"$versionError":null,"activePaths":{"paths":{"content":"require","user":"require"},"states":{"default":{},"modify":{},"require":{"content":true,"user":true}}},"backup":{"activePaths":{"default":{"_id":true,"createdAt":true},"modify":{"content":true,"mediaIds":true,"updatedAt":true,"user":true}},"validationError":null},"cachedRequired":{},"inserting":true,"op":null,"pathsToScopes":{"mediaIds":{"__v":0,"_id":"68eb8cf63a8af93776009c5f","content":"Kundan From Raanjhanaaa","createdAt":"2025-10-12T11:11:50.119Z","mediaIds":["68eb8cc926df53722cbe757d"],"updatedAt":"2025-10-12T11:11:50.119Z","user":"68e8f0efa9d854cab37ae313"}},"saveOptions":null,"savedState":{},"saving":null,"validating":null},"$isNew":false,"_doc":{"__v":0,"_id":"68eb8cf63a8af93776009c5f","content":"Kundan From Raanjhanaaa","createdAt":"2025-10-12T11:11:50.119Z","mediaIds":["68eb8cc926df53722cbe757d"],"updatedAt":"2025-10-12T11:11:50.119Z","user":"68e8f0efa9d854cab37ae313"},"level":"info","message":"Post created successfully","service":"identity-service","timestamp":"2025-10-12T11:11:50.212Z"}
{"level":"info","message":"Received GET requested to /api/posts/all-posts","service":"identity-service","timestamp":"2025-10-12T11:12:12.366Z"}
{"level":"info","message":"Request body, [object Object]","service":"identity-service","timestamp":"2025-10-12T11:12:12.367Z"}
{"level":"info","message":"Get all post endpoint hit...","service":"identity-service","timestamp":"2025-10-12T11:12:12.371Z"}
{"level":"info","message":"Received DELETE requested to /api/posts/68eb8cf63a8af93776009c5f","service":"identity-service","timestamp":"2025-10-12T11:12:50.963Z"}
{"level":"info","message":"Request body, [object Object]","service":"identity-service","timestamp":"2025-10-12T11:12:50.964Z"}
{"level":"info","message":" Post delete endpoint hit...","service":"identity-service","timestamp":"2025-10-12T11:12:50.967Z"}
{"level":"error","message":"Deleting a post error occured publishEvent is not defined","service":"identity-service","stack":"ReferenceError: publishEvent is not defined\n    at deleteSinglePost (C:\\Users\\Manish\\OneDrive\\Desktop\\SOCIAL-MEDIA-MICROSERVICES\\post-service\\src\\controllers\\post-Controller.js:154:5)\n    at process.processTicksAndRejections (node:internal/process/task_queues:95:5)","timestamp":"2025-10-12T11:12:51.055Z"}
{"level":"info","message":"Connected to rabbit mq","service":"identity-service","timestamp":"2025-10-12T11:14:05.940Z"}
{"level":"info","message":"Post service running on port 3002","service":"identity-service","timestamp":"2025-10-12T11:14:05.949Z"}
{"level":"info","message":"Connected to mongoDB","service":"identity-service","timestamp":"2025-10-12T11:14:08.352Z"}
{"level":"info","message":"Connected to rabbit mq","service":"identity-service","timestamp":"2025-10-12T11:14:50.150Z"}
{"level":"info","message":"Post service running on port 3002","service":"identity-service","timestamp":"2025-10-12T11:14:50.159Z"}
{"level":"info","message":"Connected to mongoDB","service":"identity-service","timestamp":"2025-10-12T11:14:50.835Z"}
{"level":"info","message":"Received DELETE requested to /api/posts/68eb8cf63a8af93776009c5f","service":"identity-service","timestamp":"2025-10-12T11:14:58.307Z"}
{"level":"info","message":"Request body, [object Object]","service":"identity-service","timestamp":"2025-10-12T11:14:58.309Z"}
{"level":"info","message":" Post delete endpoint hit...","service":"identity-service","timestamp":"2025-10-12T11:14:58.313Z"}
{"level":"info","message":"Received POST requested to /api/posts/create-post","service":"identity-service","timestamp":"2025-10-12T11:15:25.952Z"}
{"level":"info","message":"Request body, [object Object]","service":"identity-service","timestamp":"2025-10-12T11:15:25.953Z"}
{"level":"info","message":"Create post endpoint hit","service":"identity-service","timestamp":"2025-10-12T11:15:25.956Z"}
{"$__":{"$versionError":null,"activePaths":{"paths":{"content":"require","user":"require"},"states":{"default":{},"modify":{},"require":{"content":true,"user":true}}},"backup":{"activePaths":{"default":{"_id":true,"createdAt":true},"modify":{"content":true,"mediaIds":true,"updatedAt":true,"user":true}},"validationError":null},"cachedRequired":{},"inserting":true,"op":null,"pathsToScopes":{"mediaIds":{"__v":0,"_id":"68eb8dcdcccdc77e53c5be6c","content":"Kundan From Raanjhanaaa","createdAt":"2025-10-12T11:15:25.974Z","mediaIds":["68eb8cc926df53722cbe757d"],"updatedAt":"2025-10-12T11:15:25.974Z","user":"68e8f0efa9d854cab37ae313"}},"saveOptions":null,"savedState":{},"saving":null,"validating":null},"$isNew":false,"_doc":{"__v":0,"_id":"68eb8dcdcccdc77e53c5be6c","content":"Kundan From Raanjhanaaa","createdAt":"2025-10-12T11:15:25.974Z","mediaIds":["68eb8cc926df53722cbe757d"],"updatedAt":"2025-10-12T11:15:25.974Z","user":"68e8f0efa9d854cab37ae313"},"level":"info","message":"Post created successfully","service":"identity-service","timestamp":"2025-10-12T11:15:26.072Z"}
{"level":"info","message":"Received DELETE requested to /api/posts/68eb8dcdcccdc77e53c5be6c","service":"identity-service","timestamp":"2025-10-12T11:16:10.008Z"}
{"level":"info","message":"Request body, [object Object]","service":"identity-service","timestamp":"2025-10-12T11:16:10.009Z"}
{"level":"info","message":" Post delete endpoint hit...","service":"identity-service","timestamp":"2025-10-12T11:16:10.010Z"}
{"level":"info","message":"Event published: post.deleted","service":"identity-service","timestamp":"2025-10-12T11:16:10.088Z"}
{"level":"info","message":"Received POST requested to /api/posts/create-post","service":"identity-service","timestamp":"2025-10-12T11:18:37.663Z"}
{"level":"info","message":"Request body, [object Object]","service":"identity-service","timestamp":"2025-10-12T11:18:37.664Z"}
{"level":"info","message":"Create post endpoint hit","service":"identity-service","timestamp":"2025-10-12T11:18:37.665Z"}
{"$__":{"$versionError":null,"activePaths":{"paths":{"content":"require","user":"require"},"states":{"default":{},"modify":{},"require":{"content":true,"user":true}}},"backup":{"activePaths":{"default":{"_id":true,"createdAt":true},"modify":{"content":true,"mediaIds":true,"updatedAt":true,"user":true}},"validationError":null},"cachedRequired":{},"inserting":true,"op":null,"pathsToScopes":{"mediaIds":{"__v":0,"_id":"68eb8e8dcccdc77e53c5be6f","content":"meme","createdAt":"2025-10-12T11:18:37.668Z","mediaIds":["68eb8e6e26df53722cbe7581"],"updatedAt":"2025-10-12T11:18:37.668Z","user":"68e8f0efa9d854cab37ae313"}},"saveOptions":null,"savedState":{},"saving":null,"validating":null},"$isNew":false,"_doc":{"__v":0,"_id":"68eb8e8dcccdc77e53c5be6f","content":"meme","createdAt":"2025-10-12T11:18:37.668Z","mediaIds":["68eb8e6e26df53722cbe7581"],"updatedAt":"2025-10-12T11:18:37.668Z","user":"68e8f0efa9d854cab37ae313"},"level":"info","message":"Post created successfully","service":"identity-service","timestamp":"2025-10-12T11:18:37.758Z"}
{"level":"info","message":"Received GET requested to /api/posts/all-posts","service":"identity-service","timestamp":"2025-10-12T11:19:02.620Z"}
{"level":"info","message":"Request body, [object Object]","service":"identity-service","timestamp":"2025-10-12T11:19:02.621Z"}
{"level":"info","message":"Get all post endpoint hit...","service":"identity-service","timestamp":"2025-10-12T11:19:02.623Z"}
{"level":"info","message":"Received DELETE requested to /api/posts/68eb8e8dcccdc77e53c5be6f","service":"identity-service","timestamp":"2025-10-12T11:19:27.490Z"}
{"level":"info","message":"Request body, [object Object]","service":"identity-service","timestamp":"2025-10-12T11:19:27.491Z"}
{"level":"info","message":" Post delete endpoint hit...","service":"identity-service","timestamp":"2025-10-12T11:19:27.492Z"}
{"level":"info","message":"Event published: post.deleted","service":"identity-service","timestamp":"2025-10-12T11:19:27.603Z"}
{"level":"info","message":"Connected to rabbit mq","service":"identity-service","timestamp":"2025-10-14T03:32:01.751Z"}
{"level":"info","message":"Post service running on port 3002","service":"identity-service","timestamp":"2025-10-14T03:32:01.759Z"}
{"level":"info","message":"Connected to mongoDB","service":"identity-service","timestamp":"2025-10-14T03:32:04.074Z"}
{"level":"info","message":"Received POST requested to /api/posts/create-post","service":"identity-service","timestamp":"2025-10-14T03:52:01.928Z"}
{"level":"info","message":"Request body, [object Object]","service":"identity-service","timestamp":"2025-10-14T03:52:01.934Z"}
{"level":"info","message":"Create post endpoint hit","service":"identity-service","timestamp":"2025-10-14T03:52:01.940Z"}
{"level":"info","message":"Event published: post-created","service":"identity-service","timestamp":"2025-10-14T03:52:02.787Z"}
{"$__":{"$versionError":null,"activePaths":{"paths":{"content":"require","user":"require"},"states":{"default":{},"modify":{},"require":{"content":true,"user":true}}},"backup":{"activePaths":{"default":{"_id":true,"createdAt":true},"modify":{"content":true,"mediaIds":true,"updatedAt":true,"user":true}},"validationError":null},"cachedRequired":{},"inserting":true,"op":null,"pathsToScopes":{"mediaIds":{"__v":0,"_id":"68edc8e1c74eea87076a1213","content":"Hey this is pilu ram ","createdAt":"2025-10-14T03:52:01.991Z","mediaIds":[],"updatedAt":"2025-10-14T03:52:01.991Z","user":"68e8f0efa9d854cab37ae313"}},"saveOptions":null,"savedState":{},"saving":null,"validating":null},"$isNew":false,"_doc":{"__v":0,"_id":"68edc8e1c74eea87076a1213","content":"Hey this is pilu ram ","createdAt":"2025-10-14T03:52:01.991Z","mediaIds":[],"updatedAt":"2025-10-14T03:52:01.991Z","user":"68e8f0efa9d854cab37ae313"},"level":"info","message":"Post created successfully","service":"identity-service","timestamp":"2025-10-14T03:52:02.793Z"}
{"level":"info","message":"Connected to rabbit mq","service":"identity-service","timestamp":"2025-10-14T03:59:57.319Z"}
{"level":"info","message":"Post service running on port 3002","service":"identity-service","timestamp":"2025-10-14T03:59:57.328Z"}
{"level":"info","message":"Connected to mongoDB","service":"identity-service","timestamp":"2025-10-14T03:59:59.650Z"}
{"level":"info","message":"Connected to rabbit mq","service":"identity-service","timestamp":"2025-10-14T04:09:58.903Z"}
{"level":"info","message":"Post service running on port 3002","service":"identity-service","timestamp":"2025-10-14T04:09:58.910Z"}
{"level":"info","message":"Connected to mongoDB","service":"identity-service","timestamp":"2025-10-14T04:10:01.465Z"}
{"level":"info","message":"Connected to rabbit mq","service":"identity-service","timestamp":"2025-10-14T04:10:21.111Z"}
{"level":"info","message":"Post service running on port 3002","service":"identity-service","timestamp":"2025-10-14T04:10:21.116Z"}
{"level":"info","message":"Connected to mongoDB","service":"identity-service","timestamp":"2025-10-14T04:10:22.905Z"}
{"level":"info","message":"Connected to rabbit mq","service":"identity-service","timestamp":"2025-10-14T04:13:42.479Z"}
{"level":"info","message":"Post service running on port 3002","service":"identity-service","timestamp":"2025-10-14T04:13:42.487Z"}
{"level":"info","message":"Connected to mongoDB","service":"identity-service","timestamp":"2025-10-14T04:13:43.908Z"}
{"level":"info","message":"Received POST requested to /api/posts/create-post","service":"identity-service","timestamp":"2025-10-14T04:41:55.837Z"}
{"level":"info","message":"Request body, [object Object]","service":"identity-service","timestamp":"2025-10-14T04:41:55.839Z"}
{"level":"info","message":"Create post endpoint hit","service":"identity-service","timestamp":"2025-10-14T04:41:55.842Z"}
{"level":"info","message":"Event published: post.created","service":"identity-service","timestamp":"2025-10-14T04:41:58.924Z"}
{"$__":{"$versionError":null,"activePaths":{"paths":{"content":"require","user":"require"},"states":{"default":{},"modify":{},"require":{"content":true,"user":true}}},"backup":{"activePaths":{"default":{"_id":true,"createdAt":true},"modify":{"content":true,"mediaIds":true,"updatedAt":true,"user":true}},"validationError":null},"cachedRequired":{},"inserting":true,"op":null,"pathsToScopes":{"mediaIds":{"__v":0,"_id":"68edd49398f47c7454de71b7","content":"Hey this is random gudda ","createdAt":"2025-10-14T04:41:55.877Z","mediaIds":[],"updatedAt":"2025-10-14T04:41:55.877Z","user":"68e8f0efa9d854cab37ae313"}},"saveOptions":null,"savedState":{},"saving":null,"validating":null},"$isNew":false,"_doc":{"__v":0,"_id":"68edd49398f47c7454de71b7","content":"Hey this is random gudda ","createdAt":"2025-10-14T04:41:55.877Z","mediaIds":[],"updatedAt":"2025-10-14T04:41:55.877Z","user":"68e8f0efa9d854cab37ae313"},"level":"info","message":"Post created successfully","service":"identity-service","timestamp":"2025-10-14T04:41:58.934Z"}
{"level":"info","message":"Received POST requested to /api/posts/create-post","service":"identity-service","timestamp":"2025-10-14T04:44:25.458Z"}
{"level":"info","message":"Request body, [object Object]","service":"identity-service","timestamp":"2025-10-14T04:44:25.460Z"}
{"level":"info","message":"Create post endpoint hit","service":"identity-service","timestamp":"2025-10-14T04:44:25.463Z"}
{"level":"info","message":"Event published: post.created","service":"identity-service","timestamp":"2025-10-14T04:44:25.587Z"}
{"$__":{"$versionError":null,"activePaths":{"paths":{"content":"require","user":"require"},"states":{"default":{},"modify":{},"require":{"content":true,"user":true}}},"backup":{"activePaths":{"default":{"_id":true,"createdAt":true},"modify":{"content":true,"mediaIds":true,"updatedAt":true,"user":true}},"validationError":null},"cachedRequired":{},"inserting":true,"op":null,"pathsToScopes":{"mediaIds":{"__v":0,"_id":"68edd52998f47c7454de71b9","content":"Hey this is random me ","createdAt":"2025-10-14T04:44:25.467Z","mediaIds":[],"updatedAt":"2025-10-14T04:44:25.467Z","user":"68e8f0efa9d854cab37ae313"}},"saveOptions":null,"savedState":{},"saving":null,"validating":null},"$isNew":false,"_doc":{"__v":0,"_id":"68edd52998f47c7454de71b9","content":"Hey this is random me ","createdAt":"2025-10-14T04:44:25.467Z","mediaIds":[],"updatedAt":"2025-10-14T04:44:25.467Z","user":"68e8f0efa9d854cab37ae313"},"level":"info","message":"Post created successfully","service":"identity-service","timestamp":"2025-10-14T04:44:25.591Z"}
{"level":"info","message":"Received DELETE requested to /api/posts/68edd52998f47c7454de71b9","service":"identity-service","timestamp":"2025-10-14T04:48:04.123Z"}
{"level":"info","message":"Request body, [object Object]","service":"identity-service","timestamp":"2025-10-14T04:48:04.124Z"}
{"level":"info","message":" Post delete endpoint hit...","service":"identity-service","timestamp":"2025-10-14T04:48:04.128Z"}
{"level":"info","message":"Event published: post.deleted","service":"identity-service","timestamp":"2025-10-14T04:48:04.238Z"}
{"level":"info","message":"Connected to rabbit mq","service":"identity-service","timestamp":"2025-10-14T04:52:46.155Z"}
{"level":"info","message":"Post service running on port 3002","service":"identity-service","timestamp":"2025-10-14T04:52:46.173Z"}
{"level":"info","message":"Connected to mongoDB","service":"identity-service","timestamp":"2025-10-14T04:52:48.346Z"}
{"level":"info","message":"Received POST requested to /api/posts/create-post","service":"identity-service","timestamp":"2025-10-14T04:58:36.004Z"}
{"level":"info","message":"Request body, [object Object]","service":"identity-service","timestamp":"2025-10-14T04:58:36.005Z"}
{"level":"info","message":"Create post endpoint hit","service":"identity-service","timestamp":"2025-10-14T04:58:36.009Z"}
{"level":"info","message":"Event published: post.created","service":"identity-service","timestamp":"2025-10-14T04:58:36.154Z"}
{"$__":{"$versionError":null,"activePaths":{"paths":{"content":"require","user":"require"},"states":{"default":{},"modify":{},"require":{"content":true,"user":true}}},"backup":{"activePaths":{"default":{"_id":true,"createdAt":true},"modify":{"content":true,"mediaIds":true,"updatedAt":true,"user":true}},"validationError":null},"cachedRequired":{},"inserting":true,"op":null,"pathsToScopes":{"mediaIds":{"__v":0,"_id":"68edd87cd71db2af7a0ceb12","content":"Hey this is random me ","createdAt":"2025-10-14T04:58:36.026Z","mediaIds":[],"updatedAt":"2025-10-14T04:58:36.026Z","user":"68e8f0efa9d854cab37ae313"}},"saveOptions":null,"savedState":{},"saving":null,"validating":null},"$isNew":false,"_doc":{"__v":0,"_id":"68edd87cd71db2af7a0ceb12","content":"Hey this is random me ","createdAt":"2025-10-14T04:58:36.026Z","mediaIds":[],"updatedAt":"2025-10-14T04:58:36.026Z","user":"68e8f0efa9d854cab37ae313"},"level":"info","message":"Post created successfully","service":"identity-service","timestamp":"2025-10-14T04:58:36.158Z"}
{"level":"info","message":"Received DELETE requested to /api/posts/68edd87cd71db2af7a0ceb12","service":"identity-service","timestamp":"2025-10-14T04:59:26.111Z"}
{"level":"info","message":"Request body, [object Object]","service":"identity-service","timestamp":"2025-10-14T04:59:26.112Z"}
{"level":"info","message":" Post delete endpoint hit...","service":"identity-service","timestamp":"2025-10-14T04:59:26.115Z"}
{"level":"info","message":"Event published: post.deleted","service":"identity-service","timestamp":"2025-10-14T04:59:26.215Z"}
{"level":"info","message":"Received POST requested to /api/posts/create-post","service":"identity-service","timestamp":"2025-10-14T05:00:09.918Z"}
{"level":"info","message":"Request body, [object Object]","service":"identity-service","timestamp":"2025-10-14T05:00:09.918Z"}
{"level":"info","message":"Create post endpoint hit","service":"identity-service","timestamp":"2025-10-14T05:00:09.920Z"}
{"level":"info","message":"Event published: post.created","service":"identity-service","timestamp":"2025-10-14T05:00:10.006Z"}
{"$__":{"$versionError":null,"activePaths":{"paths":{"content":"require","user":"require"},"states":{"default":{},"modify":{},"require":{"content":true,"user":true}}},"backup":{"activePaths":{"default":{"_id":true,"createdAt":true},"modify":{"content":true,"mediaIds":true,"updatedAt":true,"user":true}},"validationError":null},"cachedRequired":{},"inserting":true,"op":null,"pathsToScopes":{"mediaIds":{"__v":0,"_id":"68edd8d9d71db2af7a0ceb15","content":"Hey this is me ","createdAt":"2025-10-14T05:00:09.923Z","mediaIds":[],"updatedAt":"2025-10-14T05:00:09.923Z","user":"68e8f0efa9d854cab37ae313"}},"saveOptions":null,"savedState":{},"saving":null,"validating":null},"$isNew":false,"_doc":{"__v":0,"_id":"68edd8d9d71db2af7a0ceb15","content":"Hey this is me ","createdAt":"2025-10-14T05:00:09.923Z","mediaIds":[],"updatedAt":"2025-10-14T05:00:09.923Z","user":"68e8f0efa9d854cab37ae313"},"level":"info","message":"Post created successfully","service":"identity-service","timestamp":"2025-10-14T05:00:10.009Z"}
{"level":"info","message":"Received DELETE requested to /api/posts/68edd8d9d71db2af7a0ceb15","service":"identity-service","timestamp":"2025-10-14T05:01:00.918Z"}
{"level":"info","message":"Request body, [object Object]","service":"identity-service","timestamp":"2025-10-14T05:01:00.919Z"}
{"level":"info","message":" Post delete endpoint hit...","service":"identity-service","timestamp":"2025-10-14T05:01:00.920Z"}
{"level":"info","message":"Event published: post.deleted","service":"identity-service","timestamp":"2025-10-14T05:01:01.017Z"}
